2025-04-11 22:55:04,595 [INFO] Activator:176 - 


2025-04-11 22:55:04,599 [INFO] Activator:177 - !SESSION log4j initialized
2025-04-11 22:55:12,298 [INFO] LogOutputStream:77 - [STDOUT_REDIRECT] 
2025-04-11 22:56:06,695 [INFO] ApplicationProperties:184 - Using Application install path: C:\ST\STM32CubeIDE_1.18.0\STM32CubeIDE\plugins\com.st.stm32cube.common.mx_6.14.0.202502271554
2025-04-11 22:56:06,713 [INFO] DbMcusXml:78 - Set database path to: C:\ST\STM32CubeIDE_1.18.0\STM32CubeIDE\plugins\com.st.stm32cube.common.mx_6.14.0.202502271554\\db\/mcu/
2025-04-11 22:56:06,713 [INFO] ApiDb:274 - Set plugin database path to: C:\ST\STM32CubeIDE_1.18.0\STM32CubeIDE\plugins\com.st.stm32cube.common.mx_6.14.0.202502271554\\db\/plugins/boardmanager/
2025-04-11 22:56:06,715 [WARN] ApiDb:259 - Overriding images path with different value:  => C:\ST\STM32CubeIDE_1.18.0\STM32CubeIDE\plugins\com.st.stm32cube.common.mx_6.14.0.202502271554\\db\/plugins/mcufinder/images/
2025-04-11 22:56:06,729 [INFO] ApiDb:250 - Set database path to: C:\Users\gaura\.stmcufinder\plugins\mcufinder//mcu/
2025-04-11 22:56:06,730 [INFO] DbMcusAds:125 - Set database path to: C:\Users\gaura\.stmcufinder\plugins\mcufinder//mcu/
2025-04-11 22:56:06,770 [INFO] CrossReferenceDbSqlite:203 - Set database path to: C:\Users\gaura\.stmcufinder\plugins\mcufinder//mcu/cs/
2025-04-11 22:56:06,885 [INFO] RulesReader:64 - Compatibility file has been processed (301 Rules)
2025-04-11 22:56:06,965 [INFO] DbMcusXml:78 - Set database path to: C:\ST\STM32CubeIDE_1.18.0\STM32CubeIDE\plugins\com.st.stm32cube.common.mx_6.14.0.202502271554\\db\/mcu/
2025-04-11 22:56:06,965 [INFO] ApiDb:274 - Set plugin database path to: C:\ST\STM32CubeIDE_1.18.0\STM32CubeIDE\plugins\com.st.stm32cube.common.mx_6.14.0.202502271554\\db\/plugins/boardmanager/
2025-04-11 22:56:06,966 [INFO] ApiDb:261 - Set plugin images path to: C:\ST\STM32CubeIDE_1.18.0\STM32CubeIDE\plugins\com.st.stm32cube.common.mx_6.14.0.202502271554\\db\/plugins/mcufinder/images/
2025-04-11 22:56:06,966 [WARN] DbFile:41 - Overriding database path with different value: C:\Users\gaura\.stmcufinder\plugins\mcufinder/ => C:\Users\gaura\.stmcufinder\plugins\mcufinder
2025-04-11 22:56:06,966 [INFO] ApiDb:250 - Set database path to: C:\Users\gaura\.stmcufinder\plugins\mcufinder//mcu/
2025-04-11 22:56:06,966 [WARN] DbFile:41 - Overriding database path with different value: C:\Users\gaura\.stmcufinder\plugins\mcufinder/ => C:\Users\gaura\.stmcufinder\plugins\mcufinder
2025-04-11 22:56:06,966 [INFO] DbMcusAds:125 - Set database path to: C:\Users\gaura\.stmcufinder\plugins\mcufinder//mcu/
2025-04-11 22:56:06,966 [WARN] DbFile:41 - Overriding database path with different value: C:\Users\gaura\.stmcufinder\plugins\mcufinder/ => C:\Users\gaura\.stmcufinder\plugins\mcufinder
2025-04-11 22:56:06,966 [WARN] DbFile:41 - Overriding database path with different value: C:\Users\gaura\.stmcufinder\plugins\mcufinder/ => C:\Users\gaura\.stmcufinder\plugins\mcufinder
2025-04-11 22:56:06,966 [INFO] CrossReferenceDbSqlite:203 - Set database path to: C:\Users\gaura\.stmcufinder\plugins\mcufinder//mcu/cs/
2025-04-11 22:56:07,044 [INFO] MainPanel:272 - HeapMemory: 268435456
2025-04-11 22:56:07,143 [INFO] DbMcusXml:78 - Set database path to: C:\ST\STM32CubeIDE_1.18.0\STM32CubeIDE\plugins\com.st.stm32cube.common.mx_6.14.0.202502271554\\db\/mcu/
2025-04-11 22:56:07,143 [INFO] ApiDb:274 - Set plugin database path to: C:\ST\STM32CubeIDE_1.18.0\STM32CubeIDE\plugins\com.st.stm32cube.common.mx_6.14.0.202502271554\\db\/plugins/boardmanager/
2025-04-11 22:56:07,143 [INFO] ApiDb:261 - Set plugin images path to: C:\ST\STM32CubeIDE_1.18.0\STM32CubeIDE\plugins\com.st.stm32cube.common.mx_6.14.0.202502271554\\db\/plugins/mcufinder/images/
2025-04-11 22:56:07,145 [WARN] DbFile:41 - Overriding database path with different value: C:\Users\gaura\.stmcufinder\plugins\mcufinder/ => C:\Users\gaura\.stmcufinder\plugins\mcufinder
2025-04-11 22:56:07,145 [INFO] ApiDb:250 - Set database path to: C:\Users\gaura\.stmcufinder\plugins\mcufinder//mcu/
2025-04-11 22:56:07,145 [WARN] DbFile:41 - Overriding database path with different value: C:\Users\gaura\.stmcufinder\plugins\mcufinder/ => C:\Users\gaura\.stmcufinder\plugins\mcufinder
2025-04-11 22:56:07,145 [INFO] DbMcusAds:125 - Set database path to: C:\Users\gaura\.stmcufinder\plugins\mcufinder//mcu/
2025-04-11 22:56:07,145 [WARN] DbFile:41 - Overriding database path with different value: C:\Users\gaura\.stmcufinder\plugins\mcufinder/ => C:\Users\gaura\.stmcufinder\plugins\mcufinder
2025-04-11 22:56:07,145 [WARN] DbFile:41 - Overriding database path with different value: C:\Users\gaura\.stmcufinder\plugins\mcufinder/ => C:\Users\gaura\.stmcufinder\plugins\mcufinder
2025-04-11 22:56:07,145 [INFO] CrossReferenceDbSqlite:203 - Set database path to: C:\Users\gaura\.stmcufinder\plugins\mcufinder//mcu/cs/
2025-04-11 22:56:07,162 [INFO] ApplicationProperties:184 - Using Application install path: C:\ST\STM32CubeIDE_1.18.0\STM32CubeIDE\plugins\com.st.stm32cube.common.mx_6.14.0.202502271554
2025-04-11 22:56:07,162 [INFO] PluginManage:196 - Search for loadable plugins [exclusion list=, ]
2025-04-11 22:56:07,165 [INFO] PluginManage:310 - Check plugin analytics
2025-04-11 22:56:07,480 [INFO] AnalyticsPlugin:253 - Accepted Software Licenses: 
2025-04-11 22:56:07,480 [INFO] AnalyticsPlugin:255 - Accepted CMSIS Pack Licenses: 
2025-04-11 22:56:07,480 [INFO] AnalyticsPlugin:257 - Accepted Firmware Licenses: 
2025-04-11 22:56:07,486 [INFO] PluginManage:359 - Loaded plugin analytics (category:tool,tabindex:-1)
2025-04-11 22:56:07,487 [INFO] PluginManage:310 - Check plugin cadmodel
2025-04-11 22:56:07,495 [INFO] CADModel:105 - Init CAD model plugin
2025-04-11 22:56:07,495 [INFO] PluginManage:359 - Loaded plugin cadmodel (category:power,tabindex:5)
2025-04-11 22:56:07,495 [INFO] PluginManage:310 - Check plugin clock
2025-04-11 22:56:07,507 [INFO] PluginManage:359 - Loaded plugin clock (category:base,tabindex:2)
2025-04-11 22:56:07,507 [INFO] PluginManage:310 - Check plugin ddr
2025-04-11 22:56:07,510 [INFO] PluginManage:359 - Loaded plugin ddr (category:tool,tabindex:6)
2025-04-11 22:56:07,510 [INFO] PluginManage:310 - Check plugin filemanager
2025-04-11 22:56:07,659 [INFO] PluginManage:359 - Loaded plugin filemanager (category:base,tabindex:10)
2025-04-11 22:56:07,659 [INFO] PluginManage:310 - Check plugin ipmanager
2025-04-11 22:56:07,666 [INFO] PluginManage:359 - Loaded plugin ipmanager (category:base,tabindex:5)
2025-04-11 22:56:07,666 [INFO] PluginManage:310 - Check plugin lpbam
2025-04-11 22:56:07,674 [INFO] PluginManage:359 - Loaded plugin lpbam (category:base,tabindex:0)
2025-04-11 22:56:07,674 [INFO] PluginManage:310 - Check plugin memorymap
2025-04-11 22:56:07,689 [INFO] PluginManage:359 - Loaded plugin memorymap (category:base,tabindex:4)
2025-04-11 22:56:07,689 [INFO] PluginManage:310 - Check plugin pinoutandconfiguration
2025-04-11 22:56:07,697 [INFO] PluginManage:359 - Loaded plugin pinoutandconfiguration (category:base,tabindex:1)
2025-04-11 22:56:07,697 [INFO] PluginManage:310 - Check plugin pinoutconfig
2025-04-11 22:56:07,781 [WARN] SupportedApi:132 - Cannot load RTOS API schema: s4s-elt-must-match.1: The content of 'definitions' must match (annotation?, (simpleType | complexType)?, (unique | key | keyref)*)). A problem was found starting at: attribute.
2025-04-11 22:56:07,925 [INFO] PluginManage:359 - Loaded plugin pinoutconfig (category:base,tabindex:0)
2025-04-11 22:56:07,925 [INFO] PluginManage:310 - Check plugin power
2025-04-11 22:56:07,934 [INFO] PluginManage:359 - Loaded plugin power (category:power,tabindex:4)
2025-04-11 22:56:07,934 [INFO] PluginManage:310 - Check plugin projectmanager
2025-04-11 22:56:07,949 [INFO] PluginManage:359 - Loaded plugin projectmanager (category:projectmanager,tabindex:4)
2025-04-11 22:56:07,949 [INFO] PluginManage:310 - Check plugin rif
2025-04-11 22:56:07,957 [INFO] PluginManage:359 - Loaded plugin rif (category:base,tabindex:3)
2025-04-11 22:56:07,957 [INFO] PluginManage:310 - Check plugin thirdparty
2025-04-11 22:56:08,103 [WARN] IntegrityCheckThread:84 - waiting for thirdparty lock release [integrity check]
2025-04-11 22:56:08,104 [INFO] PluginManage:359 - Loaded plugin thirdparty (category:base,tabindex:-1)
2025-04-11 22:56:08,119 [INFO] IntegrityCheckThread:86 - entering critical section [integrity check]
2025-04-11 22:56:08,119 [INFO] PluginManage:310 - Check plugin tools
2025-04-11 22:56:08,119 [INFO] ThirdPartyUpdaterWithRetryManager:70 - Updater plugin not ready yet. [1/15]
2025-04-11 22:56:08,122 [INFO] PluginManage:359 - Loaded plugin tools (category:base,tabindex:7)
2025-04-11 22:56:08,122 [INFO] PluginManage:310 - Check plugin tutovideos
2025-04-11 22:56:08,292 [INFO] PluginManage:359 - Loaded plugin tutovideos (category:base,tabindex:-1)
2025-04-11 22:56:08,292 [INFO] PluginManage:310 - Check plugin updater
2025-04-11 22:56:08,313 [INFO] PluginManage:359 - Loaded plugin updater (category:base,tabindex:12)
2025-04-11 22:56:08,313 [INFO] PluginManage:310 - Check plugin userauth
2025-04-11 22:56:08,319 [INFO] UserAuth:118 - Init User Auth plugin
2025-04-11 22:56:08,320 [INFO] PluginManage:359 - Loaded plugin userauth (category:base,tabindex:14)
2025-04-11 22:56:08,320 [INFO] PluginManage:283 - PluginManage : Loaded plugins [18]
2025-04-11 22:56:08,550 [INFO] PinOutPanel:1589 - setPackage(No Configuration,No Configuration)
2025-04-11 22:56:08,627 [INFO] CADModel:165 - CPN selected for project level
2025-04-11 22:56:08,628 [INFO] CADModel:114 - Register for checkConnection events
2025-04-11 22:56:08,645 [INFO] IPUIPlugin:80 - create IPUIPlugin
2025-04-11 22:56:08,645 [INFO] PluginManager:220 - loadIPPluginJar : add adc
2025-04-11 22:56:08,647 [INFO] IPUIPlugin:80 - create IPUIPlugin
2025-04-11 22:56:08,647 [INFO] PluginManager:220 - loadIPPluginJar : add aes
2025-04-11 22:56:08,651 [INFO] IPUIPlugin:80 - create IPUIPlugin
2025-04-11 22:56:08,651 [INFO] PluginManager:220 - loadIPPluginJar : add can
2025-04-11 22:56:08,653 [INFO] IPUIPlugin:80 - create IPUIPlugin
2025-04-11 22:56:08,653 [INFO] PluginManager:220 - loadIPPluginJar : add comp
2025-04-11 22:56:08,656 [INFO] IPUIPlugin:80 - create IPUIPlugin
2025-04-11 22:56:08,656 [INFO] PluginManager:220 - loadIPPluginJar : add cryp
2025-04-11 22:56:08,660 [INFO] IPUIPlugin:80 - create IPUIPlugin
2025-04-11 22:56:08,660 [INFO] PluginManager:220 - loadIPPluginJar : add ddr_ctrl_phy
2025-04-11 22:56:08,662 [INFO] IPUIPlugin:80 - create IPUIPlugin
2025-04-11 22:56:08,662 [INFO] PluginManager:220 - loadIPPluginJar : add dfsdm
2025-04-11 22:56:08,668 [INFO] IPUIPlugin:80 - create IPUIPlugin
2025-04-11 22:56:08,669 [INFO] PluginManager:220 - loadIPPluginJar : add dma
2025-04-11 22:56:08,671 [INFO] IPUIPlugin:80 - create IPUIPlugin
2025-04-11 22:56:08,671 [INFO] PluginManager:220 - loadIPPluginJar : add dma3
2025-04-11 22:56:08,673 [INFO] IPUIPlugin:80 - create IPUIPlugin
2025-04-11 22:56:08,675 [INFO] PluginManager:220 - loadIPPluginJar : add extmemmanager
2025-04-11 22:56:08,676 [INFO] IPUIPlugin:80 - create IPUIPlugin
2025-04-11 22:56:08,676 [INFO] PluginManager:220 - loadIPPluginJar : add fatfs
2025-04-11 22:56:08,680 [INFO] IPUIPlugin:80 - create IPUIPlugin
2025-04-11 22:56:08,680 [INFO] PluginManager:220 - loadIPPluginJar : add fmc
2025-04-11 22:56:08,686 [INFO] IPUIPlugin:80 - create IPUIPlugin
2025-04-11 22:56:08,686 [INFO] PluginManager:220 - loadIPPluginJar : add freertos
2025-04-11 22:56:08,687 [INFO] IPUIPlugin:80 - create IPUIPlugin
2025-04-11 22:56:08,688 [INFO] PluginManager:220 - loadIPPluginJar : add genericplugin
2025-04-11 22:56:08,690 [INFO] IPUIPlugin:80 - create IPUIPlugin
2025-04-11 22:56:08,690 [INFO] PluginManager:220 - loadIPPluginJar : add gfxmmu
2025-04-11 22:56:08,693 [INFO] IPUIPlugin:80 - create IPUIPlugin
2025-04-11 22:56:08,693 [INFO] PluginManager:220 - loadIPPluginJar : add gic
2025-04-11 22:56:08,697 [INFO] IPUIPlugin:80 - create IPUIPlugin
2025-04-11 22:56:08,698 [INFO] PluginManager:220 - loadIPPluginJar : add gpio
2025-04-11 22:56:08,700 [INFO] IPUIPlugin:80 - create IPUIPlugin
2025-04-11 22:56:08,700 [INFO] PluginManager:220 - loadIPPluginJar : add gtzc
2025-04-11 22:56:08,702 [INFO] IPUIPlugin:80 - create IPUIPlugin
2025-04-11 22:56:08,702 [INFO] PluginManager:220 - loadIPPluginJar : add hash
2025-04-11 22:56:08,705 [INFO] IPUIPlugin:80 - create IPUIPlugin
2025-04-11 22:56:08,705 [INFO] PluginManager:220 - loadIPPluginJar : add i2c
2025-04-11 22:56:08,707 [INFO] IPUIPlugin:80 - create IPUIPlugin
2025-04-11 22:56:08,707 [INFO] PluginManager:220 - loadIPPluginJar : add i2s
2025-04-11 22:56:08,709 [INFO] IPUIPlugin:80 - create IPUIPlugin
2025-04-11 22:56:08,709 [INFO] PluginManager:220 - loadIPPluginJar : add i3c
2025-04-11 22:56:08,712 [INFO] IPUIPlugin:80 - create IPUIPlugin
2025-04-11 22:56:08,712 [INFO] PluginManager:220 - loadIPPluginJar : add ipddr
2025-04-11 22:56:08,719 [INFO] IPUIPlugin:80 - create IPUIPlugin
2025-04-11 22:56:08,719 [INFO] PluginManager:220 - loadIPPluginJar : add linkedlist
2025-04-11 22:56:08,722 [INFO] IPUIPlugin:80 - create IPUIPlugin
2025-04-11 22:56:08,722 [INFO] PluginManager:220 - loadIPPluginJar : add lorawan
2025-04-11 22:56:08,723 [INFO] IPUIPlugin:80 - create IPUIPlugin
2025-04-11 22:56:08,723 [INFO] PluginManager:220 - loadIPPluginJar : add ltdc
2025-04-11 22:56:08,729 [INFO] IPUIPlugin:80 - create IPUIPlugin
2025-04-11 22:56:08,729 [INFO] PluginManager:220 - loadIPPluginJar : add mdma
2025-04-11 22:56:08,732 [INFO] IPUIPlugin:80 - create IPUIPlugin
2025-04-11 22:56:08,732 [INFO] PluginManager:220 - loadIPPluginJar : add nvic
2025-04-11 22:56:08,735 [INFO] IPUIPlugin:80 - create IPUIPlugin
2025-04-11 22:56:08,735 [INFO] PluginManager:220 - loadIPPluginJar : add opamp
2025-04-11 22:56:08,737 [INFO] IPUIPlugin:80 - create IPUIPlugin
2025-04-11 22:56:08,737 [INFO] PluginManager:220 - loadIPPluginJar : add openamp
2025-04-11 22:56:08,740 [INFO] IPUIPlugin:80 - create IPUIPlugin
2025-04-11 22:56:08,740 [INFO] PluginManager:220 - loadIPPluginJar : add pdm2pcm
2025-04-11 22:56:08,746 [INFO] IPUIPlugin:80 - create IPUIPlugin
2025-04-11 22:56:08,749 [INFO] PluginManager:220 - loadIPPluginJar : add plateformsettings
2025-04-11 22:56:08,751 [INFO] IPUIPlugin:80 - create IPUIPlugin
2025-04-11 22:56:08,751 [INFO] PluginManager:220 - loadIPPluginJar : add quadspi
2025-04-11 22:56:08,752 [INFO] IPUIPlugin:80 - create IPUIPlugin
2025-04-11 22:56:08,753 [INFO] PluginManager:220 - loadIPPluginJar : add radio
2025-04-11 22:56:08,757 [INFO] IPUIPlugin:80 - create IPUIPlugin
2025-04-11 22:56:08,757 [INFO] PluginManager:220 - loadIPPluginJar : add resmgrutility
2025-04-11 22:56:08,760 [INFO] IPUIPlugin:80 - create IPUIPlugin
2025-04-11 22:56:08,760 [INFO] PluginManager:220 - loadIPPluginJar : add sai
2025-04-11 22:56:08,762 [INFO] IPUIPlugin:80 - create IPUIPlugin
2025-04-11 22:56:08,762 [INFO] PluginManager:220 - loadIPPluginJar : add spi
2025-04-11 22:56:08,768 [INFO] IPUIPlugin:80 - create IPUIPlugin
2025-04-11 22:56:08,768 [INFO] PluginManager:220 - loadIPPluginJar : add stm32_wpan
2025-04-11 22:56:08,770 [INFO] IPUIPlugin:80 - create IPUIPlugin
2025-04-11 22:56:08,770 [INFO] PluginManager:220 - loadIPPluginJar : add tim
2025-04-11 22:56:08,774 [INFO] IPUIPlugin:80 - create IPUIPlugin
2025-04-11 22:56:08,774 [INFO] PluginManager:220 - loadIPPluginJar : add touchsensing
2025-04-11 22:56:08,776 [INFO] IPUIPlugin:80 - create IPUIPlugin
2025-04-11 22:56:08,776 [INFO] PluginManager:220 - loadIPPluginJar : add tracer_emb
2025-04-11 22:56:08,778 [INFO] IPUIPlugin:80 - create IPUIPlugin
2025-04-11 22:56:08,778 [INFO] PluginManager:220 - loadIPPluginJar : add ts
2025-04-11 22:56:08,781 [INFO] IPUIPlugin:80 - create IPUIPlugin
2025-04-11 22:56:08,781 [INFO] PluginManager:220 - loadIPPluginJar : add tsc
2025-04-11 22:56:08,782 [INFO] IPUIPlugin:80 - create IPUIPlugin
2025-04-11 22:56:08,782 [INFO] PluginManager:220 - loadIPPluginJar : add ucpd
2025-04-11 22:56:08,786 [INFO] IPUIPlugin:80 - create IPUIPlugin
2025-04-11 22:56:08,786 [INFO] PluginManager:220 - loadIPPluginJar : add usart
2025-04-11 22:56:08,790 [INFO] IPUIPlugin:80 - create IPUIPlugin
2025-04-11 22:56:08,790 [INFO] PluginManager:220 - loadIPPluginJar : add usbx
2025-04-11 22:56:08,931 [FATAL] Updater:351 - Updater called before beeing initialized
2025-04-11 22:56:08,951 [INFO] RulesReader:64 - Compatibility file has been processed (301 Rules)
2025-04-11 22:56:08,962 [INFO] RulesReader:64 - Compatibility file has been processed (301 Rules)
2025-04-11 22:56:08,969 [INFO] CADModel:165 - CPN selected for project level
2025-04-11 22:56:08,969 [INFO] CADModel:114 - Register for checkConnection events
2025-04-11 22:56:08,969 [FATAL] Updater:351 - Updater called before beeing initialized
2025-04-11 22:56:08,969 [ERROR] CADModel:125 - Updater not yet initialized, retry later 
2025-04-11 22:56:09,125 [FATAL] Updater:351 - Updater called before beeing initialized
2025-04-11 22:56:09,127 [INFO] CADModel:165 - CPN selected for project level
2025-04-11 22:56:09,127 [INFO] CADModel:114 - Register for checkConnection events
2025-04-11 22:56:09,127 [FATAL] Updater:351 - Updater called before beeing initialized
2025-04-11 22:56:09,127 [ERROR] CADModel:125 - Updater not yet initialized, retry later 
2025-04-11 22:56:09,130 [FATAL] Updater:351 - Updater called before beeing initialized
2025-04-11 22:56:09,221 [FATAL] Updater:351 - Updater called before beeing initialized
2025-04-11 22:56:09,225 [INFO] DbMcusAds:53 - JSON generation date=Thu Mar 06 09:54:22 EST 2025 (1741272862204)
2025-04-11 22:56:09,225 [FATAL] Updater:351 - Updater called before beeing initialized
2025-04-11 22:56:09,260 [WARN] DetailPanel:346 - Failed to get advertising image, set to default
2025-04-11 22:56:09,533 [FATAL] Updater:351 - Updater called before beeing initialized
2025-04-11 22:56:09,536 [FATAL] Updater:351 - Updater called before beeing initialized
2025-04-11 22:56:09,536 [FATAL] Updater:351 - Updater called before beeing initialized
2025-04-11 22:56:09,537 [WARN] DetailPanel:346 - Failed to get advertising image, set to default
2025-04-11 22:56:09,537 [FATAL] Updater:351 - Updater called before beeing initialized
2025-04-11 22:56:09,590 [ERROR] Updater:1198 - MainUpdater not yet initialized. External WinMGr cannot be set.
2025-04-11 22:56:09,591 [INFO] Updater:1134 - Updater Version found : 6.14.0
2025-04-11 22:56:09,609 [INFO] ApplicationProperties:184 - Using Application install path: C:\ST\STM32CubeIDE_1.18.0\STM32CubeIDE\plugins\com.st.stm32cube.common.mx_6.14.0.202502271554
2025-04-11 22:56:09,671 [INFO] MainUpdater:525 - Copy updater definitions from MX database
2025-04-11 22:56:10,021 [INFO] MainUpdater:2872 - connection check result : 10
2025-04-11 22:56:10,021 [INFO] MainUpdater:3566 - Updater definition file requires update
2025-04-11 22:56:10,022 [INFO] MainUpdater:289 - Updater Check For Update Now.
2025-04-11 22:56:10,022 [INFO] MicroXplorer:498 - Change Database Version : DB.6.0.140
2025-04-11 22:56:10,028 [INFO] McuFinderGlobals:63 - Set McuFinder mode to 2 (CubeIDE integrated)
2025-04-11 22:56:10,029 [INFO] UserAuth:171 - activating auth plugin
2025-04-11 22:56:10,031 [INFO] UserAuth:486 - Internet connection configuration mode: 1
2025-04-11 22:56:10,052 [INFO] JxBrowserEngine:152 - Initiate JxBrowser Engine with user profile folder
2025-04-11 22:56:10,179 [INFO] ServerAccessManage:473 - Download File updaters.zip
2025-04-11 22:56:10,267 [INFO] FileExtend:242 - Unzip File : updaters.zip
2025-04-11 22:56:10,267 [INFO] FileExtend:257 - Standard Zip Deflate
2025-04-11 22:56:10,905 [INFO] ServerAccessManage:473 - Download File PacksControlFlags.xml
2025-04-11 22:56:11,120 [WARN] MainUpdater:1193 - Updater busy. Cannot search thirdparties
2025-04-11 22:56:11,120 [INFO] ThirdPartyUpdaterWithRetryManager:96 - Updater plugin is busy. [1/15]
2025-04-11 22:56:11,150 [INFO] ServerAccessManage:473 - Download File cubemx.pidx
2025-04-11 22:56:11,296 [INFO] LoadServerUpdatesThread:375 - End of LoadServerUpdate Thread
2025-04-11 22:56:11,502 [INFO] CheckServerUpdateThread:120 - End of CheckServer Thread
2025-04-11 22:56:14,502 [WARN] PackLoader:240 - Cannot read IP mode file for STMicroelectronics.FP-SNS-MOTENVWB1.1.4.0
2025-04-11 22:56:14,519 [WARN] PackLoader:240 - Cannot read IP mode file for STMicroelectronics.FP-ATR-ASTRA1.2.0.2
2025-04-11 22:56:14,536 [WARN] PackLoader:240 - Cannot read IP mode file for STMicroelectronics.X-CUBE-SMBUS.2.1.0
2025-04-11 22:56:14,556 [WARN] PackLoader:240 - Cannot read IP mode file for STMicroelectronics.X-CUBE-WB05N.1.1.0
2025-04-11 22:56:14,697 [WARN] PackLoader:240 - Cannot read IP mode file for STMicroelectronics.X-CUBE-MEMS1.9.2.0
2025-04-11 22:56:15,029 [WARN] PackLoader:240 - Cannot read IP mode file for STMicroelectronics.X-CUBE-AZRTOS-F7.1.1.0
2025-04-11 22:56:15,037 [WARN] PackLoader:240 - Cannot read IP mode file for STMicroelectronics.X-CUBE-AI.7.1.0
2025-04-11 22:56:15,045 [WARN] PackLoader:240 - Cannot read IP mode file for STMicroelectronics.X-CUBE-TOUCHGFX.4.19.1
2025-04-11 22:56:15,053 [WARN] PackLoader:240 - Cannot read IP mode file for STMicroelectronics.X-CUBE-BLE1.6.2.3
2025-04-11 22:56:15,061 [WARN] PackLoader:240 - Cannot read IP mode file for STMicroelectronics.X-CUBE-BLE1.6.2.4
2025-04-11 22:56:15,066 [WARN] PackLoader:240 - Cannot read IP mode file for STMicroelectronics.X-CUBE-BLE1.6.2.2
2025-04-11 22:56:15,075 [WARN] PackLoader:240 - Cannot read IP mode file for STMicroelectronics.X-CUBE-BLE2.3.2.2
2025-04-11 22:56:15,099 [WARN] PackLoader:240 - Cannot read IP mode file for Infineon.AIROC-Wi-Fi-Bluetooth-STM32.1.7.0
2025-04-11 22:56:15,108 [WARN] PackLoader:240 - Cannot read IP mode file for STMicroelectronics.X-CUBE-TOUCHGFX.4.19.0
2025-04-11 22:56:15,119 [WARN] PackLoader:240 - Cannot read IP mode file for STMicroelectronics.X-CUBE-TOF1.3.1.0
2025-04-11 22:56:15,135 [WARN] PackLoader:240 - Cannot read IP mode file for STMicroelectronics.X-CUBE-DISPLAY.3.0.0
2025-04-11 22:56:15,151 [WARN] PackLoader:240 - Cannot read IP mode file for STMicroelectronics.X-CUBE-NFC10.1.0.0
2025-04-11 22:56:15,170 [WARN] PackLoader:240 - Cannot read IP mode file for STMicroelectronics.X-CUBE-BLEMGR.4.0.0
2025-04-11 22:56:15,189 [WARN] PackLoader:240 - Cannot read IP mode file for STMicroelectronics.X-CUBE-SUBG2.4.2.0
2025-04-11 22:56:15,256 [WARN] PackLoader:240 - Cannot read IP mode file for STMicroelectronics.X-CUBE-MEMS1.9.3.0
2025-04-11 22:56:15,403 [WARN] PackLoader:240 - Cannot read IP mode file for STMicroelectronics.X-CUBE-AI.7.2.0
2025-04-11 22:56:15,408 [WARN] ConditionMgr:438 - getConditionDescription Invalid condition id : Cortex-A Device cause : null
2025-04-11 22:56:15,420 [WARN] ConditionMgr:1044 - genDependencies : Invalid condition id : Cortex-A Device cause : null
2025-04-11 22:56:15,420 [WARN] ConditionMgr:1044 - genDependencies : Invalid condition id : Cortex-A Device cause : null
2025-04-11 22:56:15,420 [WARN] ConditionMgr:1044 - genDependencies : Invalid condition id : Cortex-A Device cause : null
2025-04-11 22:56:15,423 [WARN] PackLoader:240 - Cannot read IP mode file for STMicroelectronics.X-CUBE-AI.10.0.0
2025-04-11 22:56:15,429 [WARN] PackLoader:240 - Cannot read IP mode file for STMicroelectronics.FP-SNS-SMARTAG2.1.2.0
2025-04-11 22:56:15,436 [WARN] PackLoader:240 - Cannot read IP mode file for STMicroelectronics.FP-SNS-FLIGHT1.5.1.0
2025-04-11 22:56:15,513 [WARN] PackLoader:240 - Cannot read IP mode file for STMicroelectronics.X-CUBE-MEMS1.11.1.0
2025-04-11 22:56:15,713 [INFO] LogOutputStream:77 - [STDOUT_REDIRECT] 1 : Invalid condition id : UX_CORESTACK_Condition cause : null
2025-04-11 22:56:15,713 [INFO] LogOutputStream:77 - [STDOUT_REDIRECT] 1 : Invalid condition id : UX_CORESTACK_Condition cause : null
2025-04-11 22:56:15,717 [INFO] LogOutputStream:77 - [STDOUT_REDIRECT] 1 : Invalid condition id : UX_CORESTACK_Condition cause : null
2025-04-11 22:56:15,719 [INFO] LogOutputStream:77 - [STDOUT_REDIRECT] 1 : Invalid condition id : UX_CORESTACK_Condition cause : null
2025-04-11 22:56:15,721 [INFO] LogOutputStream:77 - [STDOUT_REDIRECT] 1 : Invalid condition id : UX_CORESTACK_Condition cause : null
2025-04-11 22:56:15,726 [WARN] PackLoader:240 - Cannot read IP mode file for STMicroelectronics.X-CUBE-AZRTOS-WL.2.0.0
2025-04-11 22:56:15,738 [WARN] PackLoader:240 - Cannot read IP mode file for STMicroelectronics.X-CUBE-ALGOBUILD.1.2.1
2025-04-11 22:56:15,747 [WARN] PackLoader:240 - Cannot read IP mode file for STMicroelectronics.FP-SNS-MOTENV1.5.0.0
2025-04-11 22:56:15,760 [WARN] PackLoader:240 - Cannot read IP mode file for WES.I-CUBE-Cesium.1.3.0
2025-04-11 22:56:15,767 [WARN] PackLoader:240 - Cannot read IP mode file for STMicroelectronics.X-CUBE-BLE2.3.3.0
2025-04-11 22:56:15,777 [WARN] PackLoader:240 - Cannot read IP mode file for STMicroelectronics.X-CUBE-DISPLAY.2.2.0
2025-04-11 22:56:15,796 [WARN] PackLoader:240 - Cannot read IP mode file for STMicroelectronics.X-CUBE-TOF1.3.2.0
2025-04-11 22:56:15,808 [WARN] PackLoader:240 - Cannot read IP mode file for STMicroelectronics.X-CUBE-TOUCHGFX.4.18.1
2025-04-11 22:56:15,816 [WARN] PackLoader:240 - Cannot read IP mode file for STMicroelectronics.X-CUBE-ISPU.1.0.0
2025-04-11 22:56:15,824 [WARN] PackLoader:240 - Cannot read IP mode file for wolfSSL.I-CUBE-wolfSSL.5.0.0
2025-04-11 22:56:15,832 [WARN] PackLoader:240 - Cannot read IP mode file for STMicroelectronics.X-CUBE-NFC9.1.0.0
2025-04-11 22:56:15,860 [WARN] PackLoader:240 - Cannot read IP mode file for STMicroelectronics.X-CUBE-AZRTOS-H7.2.1.0
2025-04-11 22:56:15,869 [WARN] PackLoader:240 - Cannot read IP mode file for STMicroelectronics.X-CUBE-BLE1.7.1.0
2025-04-11 22:56:15,876 [WARN] PackLoader:240 - Cannot read IP mode file for wolfSSL.I-CUBE-wolfMQTT.1.19.2
2025-04-11 22:56:15,881 [WARN] PackLoader:240 - Cannot read IP mode file for STMicroelectronics.X-CUBE-TOUCHGFX.4.21.1
2025-04-11 22:56:15,884 [WARN] PackLoader:240 - Cannot read IP mode file for STMicroelectronics.X-CUBE-TOUCHGFX.4.21.0
2025-04-11 22:56:15,928 [WARN] PackLoader:240 - Cannot read IP mode file for STMicroelectronics.X-CUBE-MEMS1.9.4.0
2025-04-11 22:56:16,067 [WARN] PackLoader:240 - Cannot read IP mode file for STMicroelectronics.X-CUBE-AI.7.3.0
2025-04-11 22:56:16,073 [WARN] PackLoader:240 - Cannot read IP mode file for STMicroelectronics.X-CUBE-ALGOBUILD.1.3.0
2025-04-11 22:56:16,097 [WARN] PackLoader:240 - Cannot read IP mode file for STMicroelectronics.X-CUBE-AZRTOS-G0.1.1.0
2025-04-11 22:56:16,106 [WARN] PackLoader:240 - Cannot read IP mode file for STMicroelectronics.X-CUBE-SAFEA1.1.2.2
2025-04-11 22:56:16,114 [WARN] PackLoader:240 - Cannot read IP mode file for STMicroelectronics.X-CUBE-NFC4.3.0.0
2025-04-11 22:56:16,143 [WARN] PackLoader:240 - Cannot read IP mode file for SEGGER.I-CUBE-embOS.1.2.0
2025-04-11 22:56:16,181 [WARN] PackLoader:240 - Cannot read IP mode file for EmbeddedOffice.I-CUBE-FS-RTOS.1.0.1
2025-04-11 22:56:16,186 [WARN] PackLoader:240 - Cannot read IP mode file for STMicroelectronics.X-CUBE-DISPLAY.2.1.0
2025-04-11 22:56:16,191 [WARN] PackLoader:240 - Cannot read IP mode file for wolfSSL.I-CUBE-wolfTPM.3.8.0
2025-04-11 22:56:16,198 [WARN] PackLoader:240 - Cannot read IP mode file for STMicroelectronics.X-CUBE-BLEMGR.1.3.0
2025-04-11 22:56:16,206 [WARN] PackLoader:240 - Cannot read IP mode file for STMicroelectronics.X-CUBE-TCPP.4.2.0
2025-04-11 22:56:16,214 [WARN] PackLoader:240 - Cannot read IP mode file for RealThread.X-CUBE-RT-Thread_Nano.4.1.1
2025-04-11 22:56:16,233 [WARN] PackLoader:240 - Cannot read IP mode file for STMicroelectronics.X-CUBE-AZRTOS-H7.2.0.0
2025-04-11 22:56:16,239 [WARN] PackLoader:240 - Cannot read IP mode file for STMicroelectronics.FP-ATR-SIGFOX1.3.2.0
2025-04-11 22:56:16,250 [WARN] PackLoader:240 - Cannot read IP mode file for STMicroelectronics.X-CUBE-EEPRMA1.5.1.0
2025-04-11 22:56:16,260 [WARN] PackLoader:240 - Cannot read IP mode file for emotas.I-CUBE-CANOPEN.1.1.2
2025-04-11 22:56:16,264 [WARN] PackLoader:240 - Cannot read IP mode file for STMicroelectronics.X-CUBE-TOUCHGFX.4.20.0
2025-04-11 22:56:16,273 [WARN] PackLoader:240 - Cannot read IP mode file for ITTIA_DB.I-CUBE-ITTIADB.8.9.0
2025-04-11 22:56:16,323 [WARN] PackLoader:240 - Cannot read IP mode file for STMicroelectronics.X-CUBE-MEMS1.9.5.0
2025-04-11 22:56:16,478 [WARN] PackLoader:240 - Cannot read IP mode file for SEGGER.I-CUBE-embOS.1.3.1
2025-04-11 22:56:16,516 [WARN] PackLoader:240 - Cannot read IP mode file for STMicroelectronics.X-CUBE-ALGOBUILD.1.4.0
2025-04-11 22:56:16,522 [WARN] PackLoader:240 - Cannot read IP mode file for STMicroelectronics.X-CUBE-DISPLAY.2.0.0
2025-04-11 22:56:16,527 [WARN] PackLoader:240 - Cannot read IP mode file for STMicroelectronics.X-CUBE-DISPLAY.2.0.1
2025-04-11 22:56:16,532 [WARN] PackLoader:240 - Cannot read IP mode file for STMicroelectronics.X-CUBE-TOF1.3.0.0
2025-04-11 22:56:16,539 [WARN] PackLoader:240 - Cannot read IP mode file for STMicroelectronics.X-CUBE-GNSS1.6.0.0
2025-04-11 22:56:16,556 [WARN] PackLoader:240 - Cannot read IP mode file for STMicroelectronics.X-CUBE-AZRTOS-F4.1.1.0
2025-04-11 22:56:16,563 [WARN] PackLoader:240 - Cannot read IP mode file for Avnet-IotConnect.X-CUBE-IoTC-DA16k-PMOD.1.0.0
2025-04-11 22:56:16,569 [WARN] PackLoader:240 - Cannot read IP mode file for STMicroelectronics.X-CUBE-ISPU.2.1.0
2025-04-11 22:56:16,576 [WARN] PackLoader:240 - Cannot read IP mode file for STMicroelectronics.X-CUBE-BLEMGR.1.2.0
2025-04-11 22:56:16,602 [WARN] PackLoader:240 - Cannot read IP mode file for STMicroelectronics.X-CUBE-AZRTOS-L5.2.0.0
2025-04-11 22:56:16,617 [WARN] PackLoader:240 - Cannot read IP mode file for STMicroelectronics.X-CUBE-NFC6.3.1.0
2025-04-11 22:56:16,626 [WARN] PackLoader:240 - Cannot read IP mode file for STMicroelectronics.X-CUBE-NFC4.2.0.5
2025-04-11 22:56:16,633 [WARN] PackLoader:240 - Cannot read IP mode file for STMicroelectronics.X-CUBE-NFC4.2.0.4
2025-04-11 22:56:16,640 [WARN] PackLoader:240 - Cannot read IP mode file for STMicroelectronics.X-CUBE-NFC4.2.0.3
2025-04-11 22:56:16,651 [WARN] PackLoader:240 - Cannot read IP mode file for STMicroelectronics.X-CUBE-SFXS2LP1.3.1.0
2025-04-11 22:56:16,677 [WARN] PackLoader:240 - Cannot read IP mode file for STMicroelectronics.X-CUBE-AZRTOS-F4.1.0.0
2025-04-11 22:56:16,697 [WARN] PackLoader:240 - Cannot read IP mode file for STMicroelectronics.X-CUBE-TOF1.2.0.0
2025-04-11 22:56:16,705 [WARN] PackLoader:240 - Cannot read IP mode file for STMicroelectronics.X-CUBE-FREERTOS.1.3.0
2025-04-11 22:56:16,711 [WARN] PackLoader:240 - Cannot read IP mode file for STMicroelectronics.X-CUBE-NFC7.1.0.1
2025-04-11 22:56:16,718 [WARN] PackLoader:240 - Cannot read IP mode file for STMicroelectronics.X-CUBE-NFC7.1.0.0
2025-04-11 22:56:16,726 [WARN] PackLoader:240 - Cannot read IP mode file for STMicroelectronics.X-CUBE-EEPRMA1.4.1.0
2025-04-11 22:56:16,735 [WARN] PackLoader:240 - Cannot read IP mode file for STMicroelectronics.X-CUBE-DPower.1.3.0
2025-04-11 22:56:16,753 [WARN] PackLoader:240 - Cannot read IP mode file for STMicroelectronics.X-CUBE-AZRTOS-G0.1.0.0
2025-04-11 22:56:16,769 [WARN] ConditionMgr:438 - getConditionDescription Invalid condition id : LAN8742 Phy interface Condition cause : null
2025-04-11 22:56:16,770 [WARN] PackLoader:240 - Cannot read IP mode file for STMicroelectronics.X-CUBE-AZRTOS-L4.2.0.0
2025-04-11 22:56:16,771 [WARN] ConditionMgr:1044 - genDependencies : Invalid condition id : LAN8742 Phy interface Condition cause : null
2025-04-11 22:56:16,771 [WARN] ConditionMgr:1044 - genDependencies : Invalid condition id : LAN8742 Phy interface Condition cause : null
2025-04-11 22:56:16,772 [WARN] ConditionMgr:1044 - genDependencies : Invalid condition id : LAN8742 Phy interface Condition cause : null
2025-04-11 22:56:16,777 [WARN] PackLoader:240 - Cannot read IP mode file for STMicroelectronics.X-CUBE-SFXS2LP1.4.0.0
2025-04-11 22:56:16,795 [WARN] PackLoader:240 - Cannot read IP mode file for STMicroelectronics.X-CUBE-AZRTOS-H7.3.0.0
2025-04-11 22:56:16,801 [WARN] PackLoader:240 - Cannot read IP mode file for STMicroelectronics.X-CUBE-ISPU.1.1.0
2025-04-11 22:56:16,831 [WARN] PackLoader:240 - Cannot read IP mode file for STMicroelectronics.X-CUBE-AZRTOS-H7.3.3.0
2025-04-11 22:56:16,846 [WARN] PackLoader:240 - Cannot read IP mode file for RoweBots.I-CUBE-UNISONRTOS.5.5.0-4
2025-04-11 22:56:16,869 [WARN] ConditionMgr:438 - getConditionDescription Invalid condition id : UX DEVICE CLASS RTOS Condition cause : null
2025-04-11 22:56:16,869 [WARN] ConditionMgr:438 - getConditionDescription Invalid condition id : UX DEVICE CLASS RTOS Condition cause : null
2025-04-11 22:56:16,873 [WARN] PackLoader:240 - Cannot read IP mode file for STMicroelectronics.X-CUBE-AZRTOS-WB.2.0.0
2025-04-11 22:56:16,874 [WARN] ConditionMgr:1044 - genDependencies : Invalid condition id : UX DEVICE CLASS RTOS Condition cause : null
2025-04-11 22:56:16,874 [WARN] ConditionMgr:1044 - genDependencies : Invalid condition id : UX DEVICE CLASS RTOS Condition cause : null
2025-04-11 22:56:16,874 [WARN] ConditionMgr:1044 - genDependencies : Invalid condition id : UX DEVICE CLASS RTOS Condition cause : null
2025-04-11 22:56:16,875 [WARN] ConditionMgr:1044 - genDependencies : Invalid condition id : UX DEVICE CLASS RTOS Condition cause : null
2025-04-11 22:56:16,875 [WARN] ConditionMgr:1044 - genDependencies : Invalid condition id : UX DEVICE CLASS RTOS Condition cause : null
2025-04-11 22:56:16,882 [WARN] PackLoader:240 - Cannot read IP mode file for STMicroelectronics.X-CUBE-GNSS1.7.0.1
2025-04-11 22:56:16,892 [WARN] PackLoader:240 - Cannot read IP mode file for STMicroelectronics.X-CUBE-BLEMGR.1.0.0
2025-04-11 22:56:16,898 [WARN] PackLoader:240 - Cannot read IP mode file for STMicroelectronics.X-CUBE-TOUCHGFX.4.25.0
2025-04-11 22:56:16,908 [WARN] PackLoader:240 - Cannot read IP mode file for STMicroelectronics.FP-SNS-STBOX1.2.0.0
2025-04-11 22:56:16,932 [WARN] PackLoader:240 - Cannot read IP mode file for STMicroelectronics.X-CUBE-AZRTOS-L5.1.1.0
2025-04-11 22:56:16,948 [WARN] PackLoader:240 - Cannot read IP mode file for STMicroelectronics.X-CUBE-SUBG2.5.0.0
2025-04-11 22:56:16,981 [WARN] PackLoader:240 - Cannot read IP mode file for STMicroelectronics.X-CUBE-AZRTOS-H7RS.1.1.0
2025-04-11 22:56:16,990 [WARN] PackLoader:240 - Cannot read IP mode file for Cesanta.I-CUBE-Mongoose.7.13.0
2025-04-11 22:56:17,004 [WARN] PackLoader:240 - Cannot read IP mode file for STMicroelectronics.X-CUBE-AZRTOS-G4.2.0.0
2025-04-11 22:56:17,010 [WARN] PackLoader:240 - Cannot read IP mode file for STMicroelectronics.FP-ATR-ASTRA1.1.1.1
2025-04-11 22:56:17,013 [WARN] PackLoader:240 - Cannot read IP mode file for STMicroelectronics.FP-ATR-ASTRA1.1.1.0
2025-04-11 22:56:17,018 [WARN] PackLoader:240 - Cannot read IP mode file for wolfSSL.I-CUBE-wolfSSH.1.4.20
2025-04-11 22:56:17,029 [WARN] PackLoader:240 - Cannot read IP mode file for STMicroelectronics.X-CUBE-AZRTOS-G4.1.0.0
2025-04-11 22:56:17,055 [WARN] PackLoader:240 - Cannot read IP mode file for STMicroelectronics.X-CUBE-AZRTOS-L4.1.0.0
2025-04-11 22:56:17,075 [WARN] PackLoader:240 - Cannot read IP mode file for STMicroelectronics.X-CUBE-IPS.3.1.0
2025-04-11 22:56:17,091 [WARN] PackLoader:240 - Cannot read IP mode file for STMicroelectronics.X-CUBE-ALS.1.0.2
2025-04-11 22:56:17,116 [WARN] PackLoader:240 - Cannot read IP mode file for STMicroelectronics.X-CUBE-AZRTOS-F7.1.0.0
2025-04-11 22:56:17,135 [WARN] PackLoader:240 - Cannot read IP mode file for STMicroelectronics.X-CUBE-AZRTOS-WL.1.0.0
2025-04-11 22:56:17,192 [WARN] PackLoader:240 - Cannot read IP mode file for STMicroelectronics.X-CUBE-MEMS1.9.1.0
2025-04-11 22:56:17,719 [WARN] PackLoader:240 - Cannot read IP mode file for portGmbH.I-Cube-SoM-uGOAL.1.1.0
2025-04-11 22:56:17,726 [WARN] PackLoader:240 - Cannot read IP mode file for STMicroelectronics.X-CUBE-ALS.1.0.1
2025-04-11 22:56:17,737 [WARN] PackLoader:240 - Cannot read IP mode file for STMicroelectronics.X-CUBE-AI.7.0.0
2025-04-11 22:56:17,747 [INFO] WebApp:169 - Instantiating new browser for Auth
2025-04-11 22:56:17,842 [WARN] PackLoader:240 - Cannot read IP mode file for STMicroelectronics.X-CUBE-AZRTOS-WB.1.1.0
2025-04-11 22:56:17,871 [WARN] PackLoader:240 - Cannot read IP mode file for STMicroelectronics.X-CUBE-AZRTOS-L5.1.0.0
2025-04-11 22:56:17,880 [WARN] PackLoader:240 - Cannot read IP mode file for STMicroelectronics.X-CUBE-EEPRMA1.3.1.0
2025-04-11 22:56:17,887 [WARN] PackLoader:240 - Cannot read IP mode file for STMicroelectronics.X-CUBE-EEPRMA1.3.1.1
2025-04-11 22:56:17,896 [WARN] PackLoader:240 - Cannot read IP mode file for STMicroelectronics.X-CUBE-GNSS1.5.2.0
2025-04-11 22:56:17,918 [WARN] PackLoader:240 - Cannot read IP mode file for STMicroelectronics.X-CUBE-TOF1.3.4.2
2025-04-11 22:56:17,933 [INFO] ThirdParty:978 - Integrity check success = true
2025-04-11 22:56:17,933 [INFO] IntegrityCheckThread:100 - exiting critical section [integrity check]
2025-04-11 22:56:17,933 [INFO] IntegrityCheckThread:103 - End integrity checks thread
2025-04-11 22:56:19,364 [INFO] WebApp:463 - Apply proxy settings
2025-04-11 22:56:19,364 [INFO] WebApp:548 - Chromium requires no authentication
2025-04-11 22:56:19,382 [INFO] WebApp:491 - Direct internet connection detected
2025-04-11 22:56:19,435 [INFO] WebApp:894 - Register for checkConnection events
2025-04-11 22:56:19,435 [INFO] WebApp:463 - Apply proxy settings
2025-04-11 22:56:19,435 [INFO] WebApp:548 - Chromium requires no authentication
2025-04-11 22:56:19,436 [INFO] WebApp:491 - Direct internet connection detected
2025-04-11 22:56:19,798 [INFO] WebApp:225 - Starting web application
2025-04-11 22:56:19,800 [INFO] WebApp:593 - Web application path used C:\ST\STM32CubeIDE_1.18.0\STM32CubeIDE\plugins\com.st.stm32cube.common.mx_6.14.0.202502271554\db\plugins\mcufinder\reactClient1\index.html
2025-04-11 22:56:21,822 [INFO] WebApp:191 - Connection restablished
2025-04-11 22:57:56,563 [ERROR] LogOutputStream:75 - [STDERR_REDIRECT] 
2025-04-11 23:03:46,955 [INFO] Activator:176 - 


2025-04-11 23:03:46,957 [INFO] Activator:177 - !SESSION log4j initialized
2025-04-11 23:03:51,198 [INFO] LogOutputStream:77 - [STDOUT_REDIRECT] 
2025-04-11 23:03:54,130 [INFO] ApplicationProperties:184 - Using Application install path: C:\ST\STM32CubeIDE_1.18.0\STM32CubeIDE\plugins\com.st.stm32cube.common.mx_6.14.0.202502271554
2025-04-11 23:03:54,142 [INFO] DbMcusXml:78 - Set database path to: C:\ST\STM32CubeIDE_1.18.0\STM32CubeIDE\plugins\com.st.stm32cube.common.mx_6.14.0.202502271554\\db\/mcu/
2025-04-11 23:03:54,142 [INFO] ApiDb:274 - Set plugin database path to: C:\ST\STM32CubeIDE_1.18.0\STM32CubeIDE\plugins\com.st.stm32cube.common.mx_6.14.0.202502271554\\db\/plugins/boardmanager/
2025-04-11 23:03:54,142 [WARN] ApiDb:259 - Overriding images path with different value:  => C:\ST\STM32CubeIDE_1.18.0\STM32CubeIDE\plugins\com.st.stm32cube.common.mx_6.14.0.202502271554\\db\/plugins/mcufinder/images/
2025-04-11 23:03:54,146 [INFO] ApiDb:250 - Set database path to: C:\Users\gaura\.stmcufinder\plugins\mcufinder//mcu/
2025-04-11 23:03:54,147 [INFO] DbMcusAds:125 - Set database path to: C:\Users\gaura\.stmcufinder\plugins\mcufinder//mcu/
2025-04-11 23:03:54,148 [INFO] CrossReferenceDbSqlite:203 - Set database path to: C:\Users\gaura\.stmcufinder\plugins\mcufinder//mcu/cs/
2025-04-11 23:03:54,238 [INFO] RulesReader:64 - Compatibility file has been processed (301 Rules)
2025-04-11 23:03:54,315 [INFO] DbMcusXml:78 - Set database path to: C:\ST\STM32CubeIDE_1.18.0\STM32CubeIDE\plugins\com.st.stm32cube.common.mx_6.14.0.202502271554\\db\/mcu/
2025-04-11 23:03:54,316 [INFO] ApiDb:274 - Set plugin database path to: C:\ST\STM32CubeIDE_1.18.0\STM32CubeIDE\plugins\com.st.stm32cube.common.mx_6.14.0.202502271554\\db\/plugins/boardmanager/
2025-04-11 23:03:54,316 [INFO] ApiDb:261 - Set plugin images path to: C:\ST\STM32CubeIDE_1.18.0\STM32CubeIDE\plugins\com.st.stm32cube.common.mx_6.14.0.202502271554\\db\/plugins/mcufinder/images/
2025-04-11 23:03:54,316 [WARN] DbFile:41 - Overriding database path with different value: C:\Users\gaura\.stmcufinder\plugins\mcufinder/ => C:\Users\gaura\.stmcufinder\plugins\mcufinder
2025-04-11 23:03:54,316 [INFO] ApiDb:250 - Set database path to: C:\Users\gaura\.stmcufinder\plugins\mcufinder//mcu/
2025-04-11 23:03:54,316 [WARN] DbFile:41 - Overriding database path with different value: C:\Users\gaura\.stmcufinder\plugins\mcufinder/ => C:\Users\gaura\.stmcufinder\plugins\mcufinder
2025-04-11 23:03:54,316 [INFO] DbMcusAds:125 - Set database path to: C:\Users\gaura\.stmcufinder\plugins\mcufinder//mcu/
2025-04-11 23:03:54,316 [WARN] DbFile:41 - Overriding database path with different value: C:\Users\gaura\.stmcufinder\plugins\mcufinder/ => C:\Users\gaura\.stmcufinder\plugins\mcufinder
2025-04-11 23:03:54,316 [WARN] DbFile:41 - Overriding database path with different value: C:\Users\gaura\.stmcufinder\plugins\mcufinder/ => C:\Users\gaura\.stmcufinder\plugins\mcufinder
2025-04-11 23:03:54,316 [INFO] CrossReferenceDbSqlite:203 - Set database path to: C:\Users\gaura\.stmcufinder\plugins\mcufinder//mcu/cs/
2025-04-11 23:03:54,378 [INFO] MainPanel:272 - HeapMemory: 268435456
2025-04-11 23:03:54,447 [INFO] DbMcusXml:78 - Set database path to: C:\ST\STM32CubeIDE_1.18.0\STM32CubeIDE\plugins\com.st.stm32cube.common.mx_6.14.0.202502271554\\db\/mcu/
2025-04-11 23:03:54,448 [INFO] ApiDb:274 - Set plugin database path to: C:\ST\STM32CubeIDE_1.18.0\STM32CubeIDE\plugins\com.st.stm32cube.common.mx_6.14.0.202502271554\\db\/plugins/boardmanager/
2025-04-11 23:03:54,448 [INFO] ApiDb:261 - Set plugin images path to: C:\ST\STM32CubeIDE_1.18.0\STM32CubeIDE\plugins\com.st.stm32cube.common.mx_6.14.0.202502271554\\db\/plugins/mcufinder/images/
2025-04-11 23:03:54,448 [WARN] DbFile:41 - Overriding database path with different value: C:\Users\gaura\.stmcufinder\plugins\mcufinder/ => C:\Users\gaura\.stmcufinder\plugins\mcufinder
2025-04-11 23:03:54,448 [INFO] ApiDb:250 - Set database path to: C:\Users\gaura\.stmcufinder\plugins\mcufinder//mcu/
2025-04-11 23:03:54,448 [WARN] DbFile:41 - Overriding database path with different value: C:\Users\gaura\.stmcufinder\plugins\mcufinder/ => C:\Users\gaura\.stmcufinder\plugins\mcufinder
2025-04-11 23:03:54,448 [INFO] DbMcusAds:125 - Set database path to: C:\Users\gaura\.stmcufinder\plugins\mcufinder//mcu/
2025-04-11 23:03:54,448 [WARN] DbFile:41 - Overriding database path with different value: C:\Users\gaura\.stmcufinder\plugins\mcufinder/ => C:\Users\gaura\.stmcufinder\plugins\mcufinder
2025-04-11 23:03:54,448 [WARN] DbFile:41 - Overriding database path with different value: C:\Users\gaura\.stmcufinder\plugins\mcufinder/ => C:\Users\gaura\.stmcufinder\plugins\mcufinder
2025-04-11 23:03:54,449 [INFO] CrossReferenceDbSqlite:203 - Set database path to: C:\Users\gaura\.stmcufinder\plugins\mcufinder//mcu/cs/
2025-04-11 23:03:54,471 [INFO] ApplicationProperties:184 - Using Application install path: C:\ST\STM32CubeIDE_1.18.0\STM32CubeIDE\plugins\com.st.stm32cube.common.mx_6.14.0.202502271554
2025-04-11 23:03:54,472 [INFO] PluginManage:196 - Search for loadable plugins [exclusion list=, ]
2025-04-11 23:03:54,473 [INFO] PluginManage:310 - Check plugin analytics
2025-04-11 23:03:54,631 [INFO] AnalyticsPlugin:253 - Accepted Software Licenses: 
2025-04-11 23:03:54,631 [INFO] AnalyticsPlugin:255 - Accepted CMSIS Pack Licenses: 
2025-04-11 23:03:54,631 [INFO] AnalyticsPlugin:257 - Accepted Firmware Licenses: 
2025-04-11 23:03:54,634 [INFO] PluginManage:359 - Loaded plugin analytics (category:tool,tabindex:-1)
2025-04-11 23:03:54,634 [INFO] PluginManage:310 - Check plugin cadmodel
2025-04-11 23:03:54,638 [INFO] CADModel:105 - Init CAD model plugin
2025-04-11 23:03:54,638 [INFO] PluginManage:359 - Loaded plugin cadmodel (category:power,tabindex:5)
2025-04-11 23:03:54,638 [INFO] PluginManage:310 - Check plugin clock
2025-04-11 23:03:54,647 [INFO] PluginManage:359 - Loaded plugin clock (category:base,tabindex:2)
2025-04-11 23:03:54,647 [INFO] PluginManage:310 - Check plugin ddr
2025-04-11 23:03:54,649 [INFO] PluginManage:359 - Loaded plugin ddr (category:tool,tabindex:6)
2025-04-11 23:03:54,649 [INFO] PluginManage:310 - Check plugin filemanager
2025-04-11 23:03:54,780 [INFO] PluginManage:359 - Loaded plugin filemanager (category:base,tabindex:10)
2025-04-11 23:03:54,780 [INFO] PluginManage:310 - Check plugin ipmanager
2025-04-11 23:03:54,786 [INFO] PluginManage:359 - Loaded plugin ipmanager (category:base,tabindex:5)
2025-04-11 23:03:54,786 [INFO] PluginManage:310 - Check plugin lpbam
2025-04-11 23:03:54,794 [INFO] PluginManage:359 - Loaded plugin lpbam (category:base,tabindex:0)
2025-04-11 23:03:54,794 [INFO] PluginManage:310 - Check plugin memorymap
2025-04-11 23:03:54,806 [INFO] PluginManage:359 - Loaded plugin memorymap (category:base,tabindex:4)
2025-04-11 23:03:54,806 [INFO] PluginManage:310 - Check plugin pinoutandconfiguration
2025-04-11 23:03:54,814 [INFO] PluginManage:359 - Loaded plugin pinoutandconfiguration (category:base,tabindex:1)
2025-04-11 23:03:54,814 [INFO] PluginManage:310 - Check plugin pinoutconfig
2025-04-11 23:03:54,918 [WARN] SupportedApi:132 - Cannot load RTOS API schema: s4s-elt-must-match.1: The content of 'definitions' must match (annotation?, (simpleType | complexType)?, (unique | key | keyref)*)). A problem was found starting at: attribute.
2025-04-11 23:03:55,138 [INFO] PluginManage:359 - Loaded plugin pinoutconfig (category:base,tabindex:0)
2025-04-11 23:03:55,139 [INFO] PluginManage:310 - Check plugin power
2025-04-11 23:03:55,147 [INFO] PluginManage:359 - Loaded plugin power (category:power,tabindex:4)
2025-04-11 23:03:55,148 [INFO] PluginManage:310 - Check plugin projectmanager
2025-04-11 23:03:55,164 [INFO] PluginManage:359 - Loaded plugin projectmanager (category:projectmanager,tabindex:4)
2025-04-11 23:03:55,164 [INFO] PluginManage:310 - Check plugin rif
2025-04-11 23:03:55,171 [INFO] PluginManage:359 - Loaded plugin rif (category:base,tabindex:3)
2025-04-11 23:03:55,171 [INFO] PluginManage:310 - Check plugin thirdparty
2025-04-11 23:03:55,304 [WARN] IntegrityCheckThread:84 - waiting for thirdparty lock release [integrity check]
2025-04-11 23:03:55,305 [INFO] IntegrityCheckThread:86 - entering critical section [integrity check]
2025-04-11 23:03:55,305 [INFO] PluginManage:359 - Loaded plugin thirdparty (category:base,tabindex:-1)
2025-04-11 23:03:55,305 [INFO] PluginManage:310 - Check plugin tools
2025-04-11 23:03:55,305 [INFO] ThirdPartyUpdaterWithRetryManager:70 - Updater plugin not ready yet. [1/15]
2025-04-11 23:03:55,308 [INFO] PluginManage:359 - Loaded plugin tools (category:base,tabindex:7)
2025-04-11 23:03:55,309 [INFO] PluginManage:310 - Check plugin tutovideos
2025-04-11 23:03:55,466 [INFO] PluginManage:359 - Loaded plugin tutovideos (category:base,tabindex:-1)
2025-04-11 23:03:55,466 [INFO] PluginManage:310 - Check plugin updater
2025-04-11 23:03:55,485 [INFO] PluginManage:359 - Loaded plugin updater (category:base,tabindex:12)
2025-04-11 23:03:55,486 [INFO] PluginManage:310 - Check plugin userauth
2025-04-11 23:03:55,489 [INFO] UserAuth:118 - Init User Auth plugin
2025-04-11 23:03:55,491 [INFO] PluginManage:359 - Loaded plugin userauth (category:base,tabindex:14)
2025-04-11 23:03:55,491 [INFO] PluginManage:283 - PluginManage : Loaded plugins [18]
2025-04-11 23:03:55,709 [INFO] PinOutPanel:1589 - setPackage(No Configuration,No Configuration)
2025-04-11 23:03:55,830 [INFO] CADModel:165 - CPN selected for project level
2025-04-11 23:03:55,831 [INFO] CADModel:114 - Register for checkConnection events
2025-04-11 23:03:55,848 [INFO] IPUIPlugin:80 - create IPUIPlugin
2025-04-11 23:03:55,849 [INFO] PluginManager:220 - loadIPPluginJar : add adc
2025-04-11 23:03:55,851 [INFO] IPUIPlugin:80 - create IPUIPlugin
2025-04-11 23:03:55,851 [INFO] PluginManager:220 - loadIPPluginJar : add aes
2025-04-11 23:03:55,855 [INFO] IPUIPlugin:80 - create IPUIPlugin
2025-04-11 23:03:55,855 [INFO] PluginManager:220 - loadIPPluginJar : add can
2025-04-11 23:03:55,856 [INFO] IPUIPlugin:80 - create IPUIPlugin
2025-04-11 23:03:55,857 [INFO] PluginManager:220 - loadIPPluginJar : add comp
2025-04-11 23:03:55,859 [INFO] IPUIPlugin:80 - create IPUIPlugin
2025-04-11 23:03:55,859 [INFO] PluginManager:220 - loadIPPluginJar : add cryp
2025-04-11 23:03:55,861 [INFO] IPUIPlugin:80 - create IPUIPlugin
2025-04-11 23:03:55,861 [INFO] PluginManager:220 - loadIPPluginJar : add ddr_ctrl_phy
2025-04-11 23:03:55,863 [INFO] IPUIPlugin:80 - create IPUIPlugin
2025-04-11 23:03:55,864 [INFO] PluginManager:220 - loadIPPluginJar : add dfsdm
2025-04-11 23:03:55,869 [INFO] IPUIPlugin:80 - create IPUIPlugin
2025-04-11 23:03:55,870 [INFO] PluginManager:220 - loadIPPluginJar : add dma
2025-04-11 23:03:55,873 [INFO] IPUIPlugin:80 - create IPUIPlugin
2025-04-11 23:03:55,874 [INFO] PluginManager:220 - loadIPPluginJar : add dma3
2025-04-11 23:03:55,876 [INFO] IPUIPlugin:80 - create IPUIPlugin
2025-04-11 23:03:55,876 [INFO] PluginManager:220 - loadIPPluginJar : add extmemmanager
2025-04-11 23:03:55,878 [INFO] IPUIPlugin:80 - create IPUIPlugin
2025-04-11 23:03:55,878 [INFO] PluginManager:220 - loadIPPluginJar : add fatfs
2025-04-11 23:03:55,884 [INFO] IPUIPlugin:80 - create IPUIPlugin
2025-04-11 23:03:55,884 [INFO] PluginManager:220 - loadIPPluginJar : add fmc
2025-04-11 23:03:55,889 [INFO] IPUIPlugin:80 - create IPUIPlugin
2025-04-11 23:03:55,889 [INFO] PluginManager:220 - loadIPPluginJar : add freertos
2025-04-11 23:03:55,892 [INFO] IPUIPlugin:80 - create IPUIPlugin
2025-04-11 23:03:55,892 [INFO] PluginManager:220 - loadIPPluginJar : add genericplugin
2025-04-11 23:03:55,894 [INFO] IPUIPlugin:80 - create IPUIPlugin
2025-04-11 23:03:55,894 [INFO] PluginManager:220 - loadIPPluginJar : add gfxmmu
2025-04-11 23:03:55,901 [INFO] IPUIPlugin:80 - create IPUIPlugin
2025-04-11 23:03:55,901 [INFO] PluginManager:220 - loadIPPluginJar : add gic
2025-04-11 23:03:55,906 [INFO] IPUIPlugin:80 - create IPUIPlugin
2025-04-11 23:03:55,907 [INFO] PluginManager:220 - loadIPPluginJar : add gpio
2025-04-11 23:03:55,909 [INFO] IPUIPlugin:80 - create IPUIPlugin
2025-04-11 23:03:55,909 [INFO] PluginManager:220 - loadIPPluginJar : add gtzc
2025-04-11 23:03:55,911 [INFO] IPUIPlugin:80 - create IPUIPlugin
2025-04-11 23:03:55,911 [INFO] PluginManager:220 - loadIPPluginJar : add hash
2025-04-11 23:03:55,915 [INFO] IPUIPlugin:80 - create IPUIPlugin
2025-04-11 23:03:55,915 [INFO] PluginManager:220 - loadIPPluginJar : add i2c
2025-04-11 23:03:55,918 [INFO] IPUIPlugin:80 - create IPUIPlugin
2025-04-11 23:03:55,918 [INFO] PluginManager:220 - loadIPPluginJar : add i2s
2025-04-11 23:03:55,921 [INFO] IPUIPlugin:80 - create IPUIPlugin
2025-04-11 23:03:55,921 [INFO] PluginManager:220 - loadIPPluginJar : add i3c
2025-04-11 23:03:55,924 [INFO] IPUIPlugin:80 - create IPUIPlugin
2025-04-11 23:03:55,924 [INFO] PluginManager:220 - loadIPPluginJar : add ipddr
2025-04-11 23:03:55,930 [INFO] IPUIPlugin:80 - create IPUIPlugin
2025-04-11 23:03:55,931 [INFO] PluginManager:220 - loadIPPluginJar : add linkedlist
2025-04-11 23:03:55,934 [INFO] IPUIPlugin:80 - create IPUIPlugin
2025-04-11 23:03:55,934 [INFO] PluginManager:220 - loadIPPluginJar : add lorawan
2025-04-11 23:03:55,936 [INFO] IPUIPlugin:80 - create IPUIPlugin
2025-04-11 23:03:55,936 [INFO] PluginManager:220 - loadIPPluginJar : add ltdc
2025-04-11 23:03:55,941 [INFO] IPUIPlugin:80 - create IPUIPlugin
2025-04-11 23:03:55,941 [INFO] PluginManager:220 - loadIPPluginJar : add mdma
2025-04-11 23:03:55,946 [INFO] IPUIPlugin:80 - create IPUIPlugin
2025-04-11 23:03:55,946 [INFO] PluginManager:220 - loadIPPluginJar : add nvic
2025-04-11 23:03:55,949 [INFO] IPUIPlugin:80 - create IPUIPlugin
2025-04-11 23:03:55,949 [INFO] PluginManager:220 - loadIPPluginJar : add opamp
2025-04-11 23:03:55,952 [INFO] IPUIPlugin:80 - create IPUIPlugin
2025-04-11 23:03:55,952 [INFO] PluginManager:220 - loadIPPluginJar : add openamp
2025-04-11 23:03:55,956 [INFO] IPUIPlugin:80 - create IPUIPlugin
2025-04-11 23:03:55,956 [INFO] PluginManager:220 - loadIPPluginJar : add pdm2pcm
2025-04-11 23:03:55,963 [INFO] IPUIPlugin:80 - create IPUIPlugin
2025-04-11 23:03:55,966 [INFO] PluginManager:220 - loadIPPluginJar : add plateformsettings
2025-04-11 23:03:55,967 [INFO] IPUIPlugin:80 - create IPUIPlugin
2025-04-11 23:03:55,968 [INFO] PluginManager:220 - loadIPPluginJar : add quadspi
2025-04-11 23:03:55,970 [INFO] IPUIPlugin:80 - create IPUIPlugin
2025-04-11 23:03:55,971 [INFO] PluginManager:220 - loadIPPluginJar : add radio
2025-04-11 23:03:55,975 [INFO] IPUIPlugin:80 - create IPUIPlugin
2025-04-11 23:03:55,975 [INFO] PluginManager:220 - loadIPPluginJar : add resmgrutility
2025-04-11 23:03:55,979 [INFO] IPUIPlugin:80 - create IPUIPlugin
2025-04-11 23:03:55,979 [INFO] PluginManager:220 - loadIPPluginJar : add sai
2025-04-11 23:03:55,981 [INFO] IPUIPlugin:80 - create IPUIPlugin
2025-04-11 23:03:55,981 [INFO] PluginManager:220 - loadIPPluginJar : add spi
2025-04-11 23:03:55,989 [INFO] IPUIPlugin:80 - create IPUIPlugin
2025-04-11 23:03:55,989 [INFO] PluginManager:220 - loadIPPluginJar : add stm32_wpan
2025-04-11 23:03:55,993 [INFO] IPUIPlugin:80 - create IPUIPlugin
2025-04-11 23:03:55,993 [INFO] PluginManager:220 - loadIPPluginJar : add tim
2025-04-11 23:03:55,997 [INFO] IPUIPlugin:80 - create IPUIPlugin
2025-04-11 23:03:55,998 [INFO] PluginManager:220 - loadIPPluginJar : add touchsensing
2025-04-11 23:03:56,000 [INFO] IPUIPlugin:80 - create IPUIPlugin
2025-04-11 23:03:56,000 [INFO] PluginManager:220 - loadIPPluginJar : add tracer_emb
2025-04-11 23:03:56,002 [INFO] IPUIPlugin:80 - create IPUIPlugin
2025-04-11 23:03:56,003 [INFO] PluginManager:220 - loadIPPluginJar : add ts
2025-04-11 23:03:56,004 [INFO] IPUIPlugin:80 - create IPUIPlugin
2025-04-11 23:03:56,005 [INFO] PluginManager:220 - loadIPPluginJar : add tsc
2025-04-11 23:03:56,007 [INFO] IPUIPlugin:80 - create IPUIPlugin
2025-04-11 23:03:56,007 [INFO] PluginManager:220 - loadIPPluginJar : add ucpd
2025-04-11 23:03:56,011 [INFO] IPUIPlugin:80 - create IPUIPlugin
2025-04-11 23:03:56,011 [INFO] PluginManager:220 - loadIPPluginJar : add usart
2025-04-11 23:03:56,016 [INFO] IPUIPlugin:80 - create IPUIPlugin
2025-04-11 23:03:56,016 [INFO] PluginManager:220 - loadIPPluginJar : add usbx
2025-04-11 23:03:56,200 [FATAL] Updater:351 - Updater called before beeing initialized
2025-04-11 23:03:56,237 [INFO] RulesReader:64 - Compatibility file has been processed (301 Rules)
2025-04-11 23:03:56,249 [INFO] RulesReader:64 - Compatibility file has been processed (301 Rules)
2025-04-11 23:03:56,257 [INFO] CADModel:165 - CPN selected for project level
2025-04-11 23:03:56,258 [INFO] CADModel:114 - Register for checkConnection events
2025-04-11 23:03:56,258 [FATAL] Updater:351 - Updater called before beeing initialized
2025-04-11 23:03:56,258 [ERROR] CADModel:125 - Updater not yet initialized, retry later 
2025-04-11 23:03:56,443 [FATAL] Updater:351 - Updater called before beeing initialized
2025-04-11 23:03:56,444 [INFO] CADModel:165 - CPN selected for project level
2025-04-11 23:03:56,446 [INFO] CADModel:114 - Register for checkConnection events
2025-04-11 23:03:56,446 [FATAL] Updater:351 - Updater called before beeing initialized
2025-04-11 23:03:56,446 [ERROR] CADModel:125 - Updater not yet initialized, retry later 
2025-04-11 23:03:56,450 [FATAL] Updater:351 - Updater called before beeing initialized
2025-04-11 23:03:56,652 [FATAL] Updater:351 - Updater called before beeing initialized
2025-04-11 23:03:56,661 [INFO] DbMcusAds:53 - JSON generation date=Thu Mar 06 09:54:22 EST 2025 (1741272862204)
2025-04-11 23:03:56,661 [FATAL] Updater:351 - Updater called before beeing initialized
2025-04-11 23:03:56,725 [WARN] DetailPanel:346 - Failed to get advertising image, set to default
2025-04-11 23:03:57,191 [FATAL] Updater:351 - Updater called before beeing initialized
2025-04-11 23:03:57,192 [FATAL] Updater:351 - Updater called before beeing initialized
2025-04-11 23:03:57,193 [FATAL] Updater:351 - Updater called before beeing initialized
2025-04-11 23:03:57,193 [WARN] DetailPanel:346 - Failed to get advertising image, set to default
2025-04-11 23:03:57,194 [FATAL] Updater:351 - Updater called before beeing initialized
2025-04-11 23:03:57,260 [ERROR] Updater:1198 - MainUpdater not yet initialized. External WinMGr cannot be set.
2025-04-11 23:03:57,262 [INFO] Updater:1134 - Updater Version found : 6.14.0
2025-04-11 23:03:57,278 [INFO] ApplicationProperties:184 - Using Application install path: C:\ST\STM32CubeIDE_1.18.0\STM32CubeIDE\plugins\com.st.stm32cube.common.mx_6.14.0.202502271554
2025-04-11 23:03:57,648 [INFO] MainUpdater:2872 - connection check result : 10
2025-04-11 23:03:57,649 [INFO] MainUpdater:289 - Updater Check For Update Now.
2025-04-11 23:03:57,649 [INFO] MicroXplorer:498 - Change Database Version : DB.6.0.140
2025-04-11 23:03:57,660 [INFO] McuFinderGlobals:63 - Set McuFinder mode to 2 (CubeIDE integrated)
2025-04-11 23:03:57,661 [INFO] UserAuth:171 - activating auth plugin
2025-04-11 23:03:57,665 [INFO] UserAuth:486 - Internet connection configuration mode: 1
2025-04-11 23:03:57,697 [INFO] JxBrowserEngine:152 - Initiate JxBrowser Engine with user profile folder
2025-04-11 23:03:57,861 [INFO] CheckServerUpdateThread:120 - End of CheckServer Thread
2025-04-11 23:03:58,465 [WARN] PackLoader:240 - Cannot read IP mode file for STMicroelectronics.FP-SNS-MOTENVWB1.1.4.0
2025-04-11 23:03:58,485 [WARN] PackLoader:240 - Cannot read IP mode file for STMicroelectronics.FP-ATR-ASTRA1.2.0.2
2025-04-11 23:03:58,506 [WARN] PackLoader:240 - Cannot read IP mode file for STMicroelectronics.X-CUBE-SMBUS.2.1.0
2025-04-11 23:03:58,522 [WARN] PackLoader:240 - Cannot read IP mode file for STMicroelectronics.X-CUBE-WB05N.1.1.0
2025-04-11 23:03:58,648 [WARN] PackLoader:240 - Cannot read IP mode file for STMicroelectronics.X-CUBE-MEMS1.9.2.0
2025-04-11 23:03:58,991 [WARN] PackLoader:240 - Cannot read IP mode file for STMicroelectronics.X-CUBE-AZRTOS-F7.1.1.0
2025-04-11 23:03:59,003 [WARN] PackLoader:240 - Cannot read IP mode file for STMicroelectronics.X-CUBE-AI.7.1.0
2025-04-11 23:03:59,012 [WARN] PackLoader:240 - Cannot read IP mode file for STMicroelectronics.X-CUBE-TOUCHGFX.4.19.1
2025-04-11 23:03:59,020 [WARN] PackLoader:240 - Cannot read IP mode file for STMicroelectronics.X-CUBE-BLE1.6.2.3
2025-04-11 23:03:59,028 [WARN] PackLoader:240 - Cannot read IP mode file for STMicroelectronics.X-CUBE-BLE1.6.2.4
2025-04-11 23:03:59,035 [WARN] PackLoader:240 - Cannot read IP mode file for STMicroelectronics.X-CUBE-BLE1.6.2.2
2025-04-11 23:03:59,044 [WARN] PackLoader:240 - Cannot read IP mode file for STMicroelectronics.X-CUBE-BLE2.3.2.2
2025-04-11 23:03:59,088 [WARN] PackLoader:240 - Cannot read IP mode file for Infineon.AIROC-Wi-Fi-Bluetooth-STM32.1.7.0
2025-04-11 23:03:59,103 [WARN] PackLoader:240 - Cannot read IP mode file for STMicroelectronics.X-CUBE-TOUCHGFX.4.19.0
2025-04-11 23:03:59,118 [WARN] PackLoader:240 - Cannot read IP mode file for STMicroelectronics.X-CUBE-TOF1.3.1.0
2025-04-11 23:03:59,138 [WARN] PackLoader:240 - Cannot read IP mode file for STMicroelectronics.X-CUBE-DISPLAY.3.0.0
2025-04-11 23:03:59,153 [WARN] PackLoader:240 - Cannot read IP mode file for STMicroelectronics.X-CUBE-NFC10.1.0.0
2025-04-11 23:03:59,173 [WARN] PackLoader:240 - Cannot read IP mode file for STMicroelectronics.X-CUBE-BLEMGR.4.0.0
2025-04-11 23:03:59,191 [WARN] PackLoader:240 - Cannot read IP mode file for STMicroelectronics.X-CUBE-SUBG2.4.2.0
2025-04-11 23:03:59,278 [WARN] PackLoader:240 - Cannot read IP mode file for STMicroelectronics.X-CUBE-MEMS1.9.3.0
2025-04-11 23:03:59,414 [INFO] WebApp:169 - Instantiating new browser for Auth
2025-04-11 23:03:59,483 [WARN] PackLoader:240 - Cannot read IP mode file for STMicroelectronics.X-CUBE-AI.7.2.0
2025-04-11 23:03:59,494 [WARN] ConditionMgr:438 - getConditionDescription Invalid condition id : Cortex-A Device cause : null
2025-04-11 23:03:59,517 [WARN] ConditionMgr:1044 - genDependencies : Invalid condition id : Cortex-A Device cause : null
2025-04-11 23:03:59,517 [WARN] ConditionMgr:1044 - genDependencies : Invalid condition id : Cortex-A Device cause : null
2025-04-11 23:03:59,517 [WARN] ConditionMgr:1044 - genDependencies : Invalid condition id : Cortex-A Device cause : null
2025-04-11 23:03:59,522 [WARN] PackLoader:240 - Cannot read IP mode file for STMicroelectronics.X-CUBE-AI.10.0.0
2025-04-11 23:03:59,529 [WARN] PackLoader:240 - Cannot read IP mode file for STMicroelectronics.FP-SNS-SMARTAG2.1.2.0
2025-04-11 23:03:59,538 [WARN] PackLoader:240 - Cannot read IP mode file for STMicroelectronics.FP-SNS-FLIGHT1.5.1.0
2025-04-11 23:03:59,636 [WARN] PackLoader:240 - Cannot read IP mode file for STMicroelectronics.X-CUBE-MEMS1.11.1.0
2025-04-11 23:03:59,852 [INFO] LogOutputStream:77 - [STDOUT_REDIRECT] 1 : Invalid condition id : UX_CORESTACK_Condition cause : null
2025-04-11 23:03:59,854 [INFO] LogOutputStream:77 - [STDOUT_REDIRECT] 1 : Invalid condition id : UX_CORESTACK_Condition cause : null
2025-04-11 23:03:59,858 [INFO] LogOutputStream:77 - [STDOUT_REDIRECT] 1 : Invalid condition id : UX_CORESTACK_Condition cause : null
2025-04-11 23:03:59,862 [INFO] LogOutputStream:77 - [STDOUT_REDIRECT] 1 : Invalid condition id : UX_CORESTACK_Condition cause : null
2025-04-11 23:03:59,866 [INFO] LogOutputStream:77 - [STDOUT_REDIRECT] 1 : Invalid condition id : UX_CORESTACK_Condition cause : null
2025-04-11 23:03:59,873 [WARN] PackLoader:240 - Cannot read IP mode file for STMicroelectronics.X-CUBE-AZRTOS-WL.2.0.0
2025-04-11 23:03:59,886 [WARN] PackLoader:240 - Cannot read IP mode file for STMicroelectronics.X-CUBE-ALGOBUILD.1.2.1
2025-04-11 23:03:59,896 [WARN] PackLoader:240 - Cannot read IP mode file for STMicroelectronics.FP-SNS-MOTENV1.5.0.0
2025-04-11 23:03:59,922 [WARN] PackLoader:240 - Cannot read IP mode file for WES.I-CUBE-Cesium.1.3.0
2025-04-11 23:03:59,928 [WARN] PackLoader:240 - Cannot read IP mode file for STMicroelectronics.X-CUBE-BLE2.3.3.0
2025-04-11 23:03:59,938 [WARN] PackLoader:240 - Cannot read IP mode file for STMicroelectronics.X-CUBE-DISPLAY.2.2.0
2025-04-11 23:03:59,958 [WARN] PackLoader:240 - Cannot read IP mode file for STMicroelectronics.X-CUBE-TOF1.3.2.0
2025-04-11 23:03:59,970 [WARN] PackLoader:240 - Cannot read IP mode file for STMicroelectronics.X-CUBE-TOUCHGFX.4.18.1
2025-04-11 23:03:59,975 [WARN] PackLoader:240 - Cannot read IP mode file for STMicroelectronics.X-CUBE-ISPU.1.0.0
2025-04-11 23:03:59,983 [WARN] PackLoader:240 - Cannot read IP mode file for wolfSSL.I-CUBE-wolfSSL.5.0.0
2025-04-11 23:03:59,992 [WARN] PackLoader:240 - Cannot read IP mode file for STMicroelectronics.X-CUBE-NFC9.1.0.0
2025-04-11 23:04:00,025 [WARN] PackLoader:240 - Cannot read IP mode file for STMicroelectronics.X-CUBE-AZRTOS-H7.2.1.0
2025-04-11 23:04:00,035 [WARN] PackLoader:240 - Cannot read IP mode file for STMicroelectronics.X-CUBE-BLE1.7.1.0
2025-04-11 23:04:00,041 [WARN] PackLoader:240 - Cannot read IP mode file for wolfSSL.I-CUBE-wolfMQTT.1.19.2
2025-04-11 23:04:00,046 [WARN] PackLoader:240 - Cannot read IP mode file for STMicroelectronics.X-CUBE-TOUCHGFX.4.21.1
2025-04-11 23:04:00,050 [WARN] PackLoader:240 - Cannot read IP mode file for STMicroelectronics.X-CUBE-TOUCHGFX.4.21.0
2025-04-11 23:04:00,122 [WARN] PackLoader:240 - Cannot read IP mode file for STMicroelectronics.X-CUBE-MEMS1.9.4.0
2025-04-11 23:04:00,281 [WARN] PackLoader:240 - Cannot read IP mode file for STMicroelectronics.X-CUBE-AI.7.3.0
2025-04-11 23:04:00,288 [WARN] PackLoader:240 - Cannot read IP mode file for STMicroelectronics.X-CUBE-ALGOBUILD.1.3.0
2025-04-11 23:04:00,313 [WARN] PackLoader:240 - Cannot read IP mode file for STMicroelectronics.X-CUBE-AZRTOS-G0.1.1.0
2025-04-11 23:04:00,325 [WARN] PackLoader:240 - Cannot read IP mode file for STMicroelectronics.X-CUBE-SAFEA1.1.2.2
2025-04-11 23:04:00,333 [WARN] PackLoader:240 - Cannot read IP mode file for STMicroelectronics.X-CUBE-NFC4.3.0.0
2025-04-11 23:04:00,385 [WARN] PackLoader:240 - Cannot read IP mode file for SEGGER.I-CUBE-embOS.1.2.0
2025-04-11 23:04:00,453 [WARN] PackLoader:240 - Cannot read IP mode file for EmbeddedOffice.I-CUBE-FS-RTOS.1.0.1
2025-04-11 23:04:00,461 [WARN] PackLoader:240 - Cannot read IP mode file for STMicroelectronics.X-CUBE-DISPLAY.2.1.0
2025-04-11 23:04:00,468 [WARN] PackLoader:240 - Cannot read IP mode file for wolfSSL.I-CUBE-wolfTPM.3.8.0
2025-04-11 23:04:00,481 [WARN] PackLoader:240 - Cannot read IP mode file for STMicroelectronics.X-CUBE-BLEMGR.1.3.0
2025-04-11 23:04:00,506 [WARN] PackLoader:240 - Cannot read IP mode file for STMicroelectronics.X-CUBE-TCPP.4.2.0
2025-04-11 23:04:00,517 [WARN] PackLoader:240 - Cannot read IP mode file for RealThread.X-CUBE-RT-Thread_Nano.4.1.1
2025-04-11 23:04:00,545 [WARN] PackLoader:240 - Cannot read IP mode file for STMicroelectronics.X-CUBE-AZRTOS-H7.2.0.0
2025-04-11 23:04:00,556 [WARN] PackLoader:240 - Cannot read IP mode file for STMicroelectronics.FP-ATR-SIGFOX1.3.2.0
2025-04-11 23:04:00,564 [WARN] PackLoader:240 - Cannot read IP mode file for STMicroelectronics.X-CUBE-EEPRMA1.5.1.0
2025-04-11 23:04:00,575 [WARN] PackLoader:240 - Cannot read IP mode file for emotas.I-CUBE-CANOPEN.1.1.2
2025-04-11 23:04:00,579 [WARN] PackLoader:240 - Cannot read IP mode file for STMicroelectronics.X-CUBE-TOUCHGFX.4.20.0
2025-04-11 23:04:00,588 [WARN] PackLoader:240 - Cannot read IP mode file for ITTIA_DB.I-CUBE-ITTIADB.8.9.0
2025-04-11 23:04:00,647 [WARN] PackLoader:240 - Cannot read IP mode file for STMicroelectronics.X-CUBE-MEMS1.9.5.0
2025-04-11 23:04:00,854 [WARN] PackLoader:240 - Cannot read IP mode file for SEGGER.I-CUBE-embOS.1.3.1
2025-04-11 23:04:00,895 [WARN] PackLoader:240 - Cannot read IP mode file for STMicroelectronics.X-CUBE-ALGOBUILD.1.4.0
2025-04-11 23:04:00,903 [WARN] PackLoader:240 - Cannot read IP mode file for STMicroelectronics.X-CUBE-DISPLAY.2.0.0
2025-04-11 23:04:00,910 [WARN] PackLoader:240 - Cannot read IP mode file for STMicroelectronics.X-CUBE-DISPLAY.2.0.1
2025-04-11 23:04:00,920 [WARN] PackLoader:240 - Cannot read IP mode file for STMicroelectronics.X-CUBE-TOF1.3.0.0
2025-04-11 23:04:00,928 [WARN] PackLoader:240 - Cannot read IP mode file for STMicroelectronics.X-CUBE-GNSS1.6.0.0
2025-04-11 23:04:00,950 [WARN] PackLoader:240 - Cannot read IP mode file for STMicroelectronics.X-CUBE-AZRTOS-F4.1.1.0
2025-04-11 23:04:00,965 [WARN] PackLoader:240 - Cannot read IP mode file for Avnet-IotConnect.X-CUBE-IoTC-DA16k-PMOD.1.0.0
2025-04-11 23:04:00,970 [WARN] PackLoader:240 - Cannot read IP mode file for STMicroelectronics.X-CUBE-ISPU.2.1.0
2025-04-11 23:04:00,985 [WARN] PackLoader:240 - Cannot read IP mode file for STMicroelectronics.X-CUBE-BLEMGR.1.2.0
2025-04-11 23:04:01,026 [WARN] PackLoader:240 - Cannot read IP mode file for STMicroelectronics.X-CUBE-AZRTOS-L5.2.0.0
2025-04-11 23:04:01,048 [WARN] PackLoader:240 - Cannot read IP mode file for STMicroelectronics.X-CUBE-NFC6.3.1.0
2025-04-11 23:04:01,058 [WARN] PackLoader:240 - Cannot read IP mode file for STMicroelectronics.X-CUBE-NFC4.2.0.5
2025-04-11 23:04:01,066 [WARN] PackLoader:240 - Cannot read IP mode file for STMicroelectronics.X-CUBE-NFC4.2.0.4
2025-04-11 23:04:01,074 [WARN] PackLoader:240 - Cannot read IP mode file for STMicroelectronics.X-CUBE-NFC4.2.0.3
2025-04-11 23:04:01,086 [WARN] PackLoader:240 - Cannot read IP mode file for STMicroelectronics.X-CUBE-SFXS2LP1.3.1.0
2025-04-11 23:04:01,112 [WARN] PackLoader:240 - Cannot read IP mode file for STMicroelectronics.X-CUBE-AZRTOS-F4.1.0.0
2025-04-11 23:04:01,123 [WARN] PackLoader:240 - Cannot read IP mode file for STMicroelectronics.X-CUBE-TOF1.2.0.0
2025-04-11 23:04:01,132 [WARN] PackLoader:240 - Cannot read IP mode file for STMicroelectronics.X-CUBE-FREERTOS.1.3.0
2025-04-11 23:04:01,138 [WARN] PackLoader:240 - Cannot read IP mode file for STMicroelectronics.X-CUBE-NFC7.1.0.1
2025-04-11 23:04:01,146 [WARN] PackLoader:240 - Cannot read IP mode file for STMicroelectronics.X-CUBE-NFC7.1.0.0
2025-04-11 23:04:01,154 [WARN] PackLoader:240 - Cannot read IP mode file for STMicroelectronics.X-CUBE-EEPRMA1.4.1.0
2025-04-11 23:04:01,162 [WARN] PackLoader:240 - Cannot read IP mode file for STMicroelectronics.X-CUBE-DPower.1.3.0
2025-04-11 23:04:01,187 [WARN] PackLoader:240 - Cannot read IP mode file for STMicroelectronics.X-CUBE-AZRTOS-G0.1.0.0
2025-04-11 23:04:01,218 [WARN] ConditionMgr:438 - getConditionDescription Invalid condition id : LAN8742 Phy interface Condition cause : null
2025-04-11 23:04:01,219 [WARN] PackLoader:240 - Cannot read IP mode file for STMicroelectronics.X-CUBE-AZRTOS-L4.2.0.0
2025-04-11 23:04:01,221 [WARN] ConditionMgr:1044 - genDependencies : Invalid condition id : LAN8742 Phy interface Condition cause : null
2025-04-11 23:04:01,222 [WARN] ConditionMgr:1044 - genDependencies : Invalid condition id : LAN8742 Phy interface Condition cause : null
2025-04-11 23:04:01,223 [WARN] ConditionMgr:1044 - genDependencies : Invalid condition id : LAN8742 Phy interface Condition cause : null
2025-04-11 23:04:01,234 [WARN] PackLoader:240 - Cannot read IP mode file for STMicroelectronics.X-CUBE-SFXS2LP1.4.0.0
2025-04-11 23:04:01,264 [WARN] PackLoader:240 - Cannot read IP mode file for STMicroelectronics.X-CUBE-AZRTOS-H7.3.0.0
2025-04-11 23:04:01,272 [WARN] PackLoader:240 - Cannot read IP mode file for STMicroelectronics.X-CUBE-ISPU.1.1.0
2025-04-11 23:04:01,303 [WARN] PackLoader:240 - Cannot read IP mode file for STMicroelectronics.X-CUBE-AZRTOS-H7.3.3.0
2025-04-11 23:04:01,317 [WARN] PackLoader:240 - Cannot read IP mode file for RoweBots.I-CUBE-UNISONRTOS.5.5.0-4
2025-04-11 23:04:01,336 [WARN] ConditionMgr:438 - getConditionDescription Invalid condition id : UX DEVICE CLASS RTOS Condition cause : null
2025-04-11 23:04:01,337 [WARN] ConditionMgr:438 - getConditionDescription Invalid condition id : UX DEVICE CLASS RTOS Condition cause : null
2025-04-11 23:04:01,339 [INFO] WebApp:463 - Apply proxy settings
2025-04-11 23:04:01,340 [INFO] WebApp:548 - Chromium requires no authentication
2025-04-11 23:04:01,340 [WARN] PackLoader:240 - Cannot read IP mode file for STMicroelectronics.X-CUBE-AZRTOS-WB.2.0.0
2025-04-11 23:04:01,341 [WARN] ConditionMgr:1044 - genDependencies : Invalid condition id : UX DEVICE CLASS RTOS Condition cause : null
2025-04-11 23:04:01,341 [WARN] ConditionMgr:1044 - genDependencies : Invalid condition id : UX DEVICE CLASS RTOS Condition cause : null
2025-04-11 23:04:01,342 [WARN] ConditionMgr:1044 - genDependencies : Invalid condition id : UX DEVICE CLASS RTOS Condition cause : null
2025-04-11 23:04:01,343 [WARN] ConditionMgr:1044 - genDependencies : Invalid condition id : UX DEVICE CLASS RTOS Condition cause : null
2025-04-11 23:04:01,343 [WARN] ConditionMgr:1044 - genDependencies : Invalid condition id : UX DEVICE CLASS RTOS Condition cause : null
2025-04-11 23:04:01,351 [WARN] PackLoader:240 - Cannot read IP mode file for STMicroelectronics.X-CUBE-GNSS1.7.0.1
2025-04-11 23:04:01,357 [INFO] WebApp:491 - Direct internet connection detected
2025-04-11 23:04:01,361 [WARN] PackLoader:240 - Cannot read IP mode file for STMicroelectronics.X-CUBE-BLEMGR.1.0.0
2025-04-11 23:04:01,367 [WARN] PackLoader:240 - Cannot read IP mode file for STMicroelectronics.X-CUBE-TOUCHGFX.4.25.0
2025-04-11 23:04:01,378 [WARN] PackLoader:240 - Cannot read IP mode file for STMicroelectronics.FP-SNS-STBOX1.2.0.0
2025-04-11 23:04:01,401 [WARN] PackLoader:240 - Cannot read IP mode file for STMicroelectronics.X-CUBE-AZRTOS-L5.1.1.0
2025-04-11 23:04:01,416 [INFO] WebApp:894 - Register for checkConnection events
2025-04-11 23:04:01,416 [INFO] WebApp:463 - Apply proxy settings
2025-04-11 23:04:01,417 [WARN] PackLoader:240 - Cannot read IP mode file for STMicroelectronics.X-CUBE-SUBG2.5.0.0
2025-04-11 23:04:01,417 [INFO] WebApp:548 - Chromium requires no authentication
2025-04-11 23:04:01,417 [INFO] WebApp:491 - Direct internet connection detected
2025-04-11 23:04:01,457 [WARN] PackLoader:240 - Cannot read IP mode file for STMicroelectronics.X-CUBE-AZRTOS-H7RS.1.1.0
2025-04-11 23:04:01,469 [WARN] PackLoader:240 - Cannot read IP mode file for Cesanta.I-CUBE-Mongoose.7.13.0
2025-04-11 23:04:01,493 [WARN] PackLoader:240 - Cannot read IP mode file for STMicroelectronics.X-CUBE-AZRTOS-G4.2.0.0
2025-04-11 23:04:01,500 [WARN] PackLoader:240 - Cannot read IP mode file for STMicroelectronics.FP-ATR-ASTRA1.1.1.1
2025-04-11 23:04:01,505 [WARN] PackLoader:240 - Cannot read IP mode file for STMicroelectronics.FP-ATR-ASTRA1.1.1.0
2025-04-11 23:04:01,511 [WARN] PackLoader:240 - Cannot read IP mode file for wolfSSL.I-CUBE-wolfSSH.1.4.20
2025-04-11 23:04:01,532 [WARN] PackLoader:240 - Cannot read IP mode file for STMicroelectronics.X-CUBE-AZRTOS-G4.1.0.0
2025-04-11 23:04:01,572 [WARN] PackLoader:240 - Cannot read IP mode file for STMicroelectronics.X-CUBE-AZRTOS-L4.1.0.0
2025-04-11 23:04:01,591 [WARN] PackLoader:240 - Cannot read IP mode file for STMicroelectronics.X-CUBE-IPS.3.1.0
2025-04-11 23:04:01,604 [WARN] PackLoader:240 - Cannot read IP mode file for STMicroelectronics.X-CUBE-ALS.1.0.2
2025-04-11 23:04:01,629 [WARN] PackLoader:240 - Cannot read IP mode file for STMicroelectronics.X-CUBE-AZRTOS-F7.1.0.0
2025-04-11 23:04:01,647 [WARN] PackLoader:240 - Cannot read IP mode file for STMicroelectronics.X-CUBE-AZRTOS-WL.1.0.0
2025-04-11 23:04:01,699 [WARN] PackLoader:240 - Cannot read IP mode file for STMicroelectronics.X-CUBE-MEMS1.9.1.0
2025-04-11 23:04:02,001 [INFO] WebApp:225 - Starting web application
2025-04-11 23:04:02,001 [INFO] WebApp:593 - Web application path used C:\ST\STM32CubeIDE_1.18.0\STM32CubeIDE\plugins\com.st.stm32cube.common.mx_6.14.0.202502271554\db\plugins\mcufinder\reactClient1\index.html
2025-04-11 23:04:02,209 [WARN] PackLoader:240 - Cannot read IP mode file for portGmbH.I-Cube-SoM-uGOAL.1.1.0
2025-04-11 23:04:02,214 [WARN] PackLoader:240 - Cannot read IP mode file for STMicroelectronics.X-CUBE-ALS.1.0.1
2025-04-11 23:04:02,221 [WARN] PackLoader:240 - Cannot read IP mode file for STMicroelectronics.X-CUBE-AI.7.0.0
2025-04-11 23:04:02,281 [WARN] PackLoader:240 - Cannot read IP mode file for STMicroelectronics.X-CUBE-AZRTOS-WB.1.1.0
2025-04-11 23:04:02,301 [WARN] PackLoader:240 - Cannot read IP mode file for STMicroelectronics.X-CUBE-AZRTOS-L5.1.0.0
2025-04-11 23:04:02,308 [WARN] PackLoader:240 - Cannot read IP mode file for STMicroelectronics.X-CUBE-EEPRMA1.3.1.0
2025-04-11 23:04:02,312 [WARN] PackLoader:240 - Cannot read IP mode file for STMicroelectronics.X-CUBE-EEPRMA1.3.1.1
2025-04-11 23:04:02,320 [WARN] PackLoader:240 - Cannot read IP mode file for STMicroelectronics.X-CUBE-GNSS1.5.2.0
2025-04-11 23:04:02,334 [WARN] PackLoader:240 - Cannot read IP mode file for STMicroelectronics.X-CUBE-TOF1.3.4.2
2025-04-11 23:04:02,345 [INFO] ThirdParty:978 - Integrity check success = true
2025-04-11 23:04:02,345 [INFO] IntegrityCheckThread:100 - exiting critical section [integrity check]
2025-04-11 23:04:02,345 [INFO] IntegrityCheckThread:103 - End integrity checks thread
2025-04-11 23:04:03,779 [INFO] WebApp:191 - Connection restablished
2025-04-11 23:04:43,416 [ERROR] LogOutputStream:75 - [STDERR_REDIRECT] 
